ERROR - 2025-09-04 06:38:47 --> mysqli_sql_exception: Column count doesn't match value count at row 1 in C:\xampp\htdocs\codeigniter4order\system\Database\MySQLi\Connection.php:327
Stack trace:
#0 C:\xampp\htdocs\codeigniter4order\system\Database\MySQLi\Connection.php(327): mysqli->query('INSERT INTO `bo...', 0)
#1 C:\xampp\htdocs\codeigniter4order\system\Database\BaseConnection.php(729): CodeIgniter\Database\MySQLi\Connection->execute('INSERT INTO `bo...')
#2 C:\xampp\htdocs\codeigniter4order\system\Database\BaseConnection.php(646): CodeIgniter\Database\BaseConnection->simpleQuery('INSERT INTO `bo...')
#3 C:\xampp\htdocs\codeigniter4order\system\Database\BaseBuilder.php(1841): CodeIgniter\Database\BaseConnection->query('INSERT INTO `bo...', NULL, false)
#4 C:\xampp\htdocs\codeigniter4order\system\Database\BaseBuilder.php(2230): CodeIgniter\Database\BaseBuilder->batchExecute('_insertBatch', 100)
#5 C:\xampp\htdocs\codeigniter4order\app\Database\Seeds\BookSeeder.php(155): CodeIgniter\Database\BaseBuilder->insertBatch(Array)
#6 C:\xampp\htdocs\codeigniter4order\system\Database\Seeder.php(149): App\Database\Seeds\BookSeeder->run()
#7 C:\xampp\htdocs\codeigniter4order\system\Commands\Database\Seed.php(79): CodeIgniter\Database\Seeder->call('App\\Database\\Se...')
#8 C:\xampp\htdocs\codeigniter4order\system\CLI\Commands.php(74): CodeIgniter\Commands\Database\Seed->run(Array)
#9 C:\xampp\htdocs\codeigniter4order\system\CLI\Console.php(47): CodeIgniter\CLI\Commands->run('db:seed', Array)
#10 C:\xampp\htdocs\codeigniter4order\system\Boot.php(388): CodeIgniter\CLI\Console->run()
#11 C:\xampp\htdocs\codeigniter4order\system\Boot.php(133): CodeIgniter\Boot::runCommand(Object(CodeIgniter\CLI\Console))
#12 C:\xampp\htdocs\codeigniter4order\spark(87): CodeIgniter\Boot::bootSpark(Object(Config\Paths))
#13 {main}
ERROR - 2025-09-04 06:43:28 --> mysqli_sql_exception: Duplicate entry 'Quran_30_5' for key 'slug' in C:\xampp\htdocs\codeigniter4order\system\Database\MySQLi\Connection.php:327
Stack trace:
#0 C:\xampp\htdocs\codeigniter4order\system\Database\MySQLi\Connection.php(327): mysqli->query('INSERT INTO `bo...', 0)
#1 C:\xampp\htdocs\codeigniter4order\system\Database\BaseConnection.php(729): CodeIgniter\Database\MySQLi\Connection->execute('INSERT INTO `bo...')
#2 C:\xampp\htdocs\codeigniter4order\system\Database\BaseConnection.php(646): CodeIgniter\Database\BaseConnection->simpleQuery('INSERT INTO `bo...')
#3 C:\xampp\htdocs\codeigniter4order\system\Database\BaseBuilder.php(1841): CodeIgniter\Database\BaseConnection->query('INSERT INTO `bo...', NULL, false)
#4 C:\xampp\htdocs\codeigniter4order\system\Database\BaseBuilder.php(2230): CodeIgniter\Database\BaseBuilder->batchExecute('_insertBatch', 100)
#5 C:\xampp\htdocs\codeigniter4order\app\Database\Seeds\BookSeeder.php(155): CodeIgniter\Database\BaseBuilder->insertBatch(Array)
#6 C:\xampp\htdocs\codeigniter4order\system\Database\Seeder.php(149): App\Database\Seeds\BookSeeder->run()
#7 C:\xampp\htdocs\codeigniter4order\system\Commands\Database\Seed.php(79): CodeIgniter\Database\Seeder->call('App\\Database\\Se...')
#8 C:\xampp\htdocs\codeigniter4order\system\CLI\Commands.php(74): CodeIgniter\Commands\Database\Seed->run(Array)
#9 C:\xampp\htdocs\codeigniter4order\system\CLI\Console.php(47): CodeIgniter\CLI\Commands->run('db:seed', Array)
#10 C:\xampp\htdocs\codeigniter4order\system\Boot.php(388): CodeIgniter\CLI\Console->run()
#11 C:\xampp\htdocs\codeigniter4order\system\Boot.php(133): CodeIgniter\Boot::runCommand(Object(CodeIgniter\CLI\Console))
#12 C:\xampp\htdocs\codeigniter4order\spark(87): CodeIgniter\Boot::bootSpark(Object(Config\Paths))
#13 {main}
ERROR - 2025-09-04 06:48:17 --> mysqli_sql_exception: Column count doesn't match value count at row 1 in C:\xampp\htdocs\codeigniter4order\system\Database\MySQLi\Connection.php:327
Stack trace:
#0 C:\xampp\htdocs\codeigniter4order\system\Database\MySQLi\Connection.php(327): mysqli->query('INSERT INTO `bo...', 0)
#1 C:\xampp\htdocs\codeigniter4order\system\Database\BaseConnection.php(729): CodeIgniter\Database\MySQLi\Connection->execute('INSERT INTO `bo...')
#2 C:\xampp\htdocs\codeigniter4order\system\Database\BaseConnection.php(646): CodeIgniter\Database\BaseConnection->simpleQuery('INSERT INTO `bo...')
#3 C:\xampp\htdocs\codeigniter4order\system\Database\BaseBuilder.php(1841): CodeIgniter\Database\BaseConnection->query('INSERT INTO `bo...', NULL, false)
#4 C:\xampp\htdocs\codeigniter4order\system\Database\BaseBuilder.php(2230): CodeIgniter\Database\BaseBuilder->batchExecute('_insertBatch', 100)
#5 C:\xampp\htdocs\codeigniter4order\app\Database\Seeds\BookSeeder.php(155): CodeIgniter\Database\BaseBuilder->insertBatch(Array)
#6 C:\xampp\htdocs\codeigniter4order\system\Database\Seeder.php(149): App\Database\Seeds\BookSeeder->run()
#7 C:\xampp\htdocs\codeigniter4order\system\Commands\Database\Seed.php(79): CodeIgniter\Database\Seeder->call('App\\Database\\Se...')
#8 C:\xampp\htdocs\codeigniter4order\system\CLI\Commands.php(74): CodeIgniter\Commands\Database\Seed->run(Array)
#9 C:\xampp\htdocs\codeigniter4order\system\CLI\Console.php(47): CodeIgniter\CLI\Commands->run('db:seed', Array)
#10 C:\xampp\htdocs\codeigniter4order\system\Boot.php(388): CodeIgniter\CLI\Console->run()
#11 C:\xampp\htdocs\codeigniter4order\system\Boot.php(133): CodeIgniter\Boot::runCommand(Object(CodeIgniter\CLI\Console))
#12 C:\xampp\htdocs\codeigniter4order\spark(87): CodeIgniter\Boot::bootSpark(Object(Config\Paths))
#13 {main}
