ERROR - 2025-08-23 10:23:05 --> mysqli_sql_exception: Table 'pixelbui_hadeethorder.orders' doesn't exist in C:\xampp\htdocs\codeigniter4order\system\Database\MySQLi\Connection.php:327
Stack trace:
#0 C:\xampp\htdocs\codeigniter4order\system\Database\MySQLi\Connection.php(327): mysqli->query('INSERT INTO `or...', 0)
#1 C:\xampp\htdocs\codeigniter4order\system\Database\BaseConnection.php(729): CodeIgniter\Database\MySQLi\Connection->execute('INSERT INTO `or...')
#2 C:\xampp\htdocs\codeigniter4order\system\Database\BaseConnection.php(646): CodeIgniter\Database\BaseConnection->simpleQuery('INSERT INTO `or...')
#3 C:\xampp\htdocs\codeigniter4order\system\Database\BaseBuilder.php(2345): CodeIgniter\Database\BaseConnection->query('INSERT INTO `or...', Array, false)
#4 C:\xampp\htdocs\codeigniter4order\system\Model.php(394): CodeIgniter\Database\BaseBuilder->insert()
#5 C:\xampp\htdocs\codeigniter4order\system\BaseModel.php(838): CodeIgniter\Model->doInsert(Array)
#6 C:\xampp\htdocs\codeigniter4order\system\Model.php(797): CodeIgniter\BaseModel->insert(Array, true)
#7 C:\xampp\htdocs\codeigniter4order\app\Controllers\ShopController.php(77): CodeIgniter\Model->insert(Array)
#8 C:\xampp\htdocs\codeigniter4order\system\CodeIgniter.php(933): App\Controllers\ShopController->submit()
#9 C:\xampp\htdocs\codeigniter4order\system\CodeIgniter.php(507): CodeIgniter\CodeIgniter->runController(Object(App\Controllers\ShopController))
#10 C:\xampp\htdocs\codeigniter4order\system\CodeIgniter.php(354): CodeIgniter\CodeIgniter->handleRequest(NULL, Object(Config\Cache), false)
#11 C:\xampp\htdocs\codeigniter4order\system\Boot.php(363): CodeIgniter\CodeIgniter->run()
#12 C:\xampp\htdocs\codeigniter4order\system\Boot.php(68): CodeIgniter\Boot::runCodeIgniter(Object(CodeIgniter\CodeIgniter))
#13 C:\xampp\htdocs\codeigniter4order\public\index.php(59): CodeIgniter\Boot::bootWeb(Object(Config\Paths))
#14 C:\xampp\htdocs\codeigniter4order\system\rewrite.php(44): require_once('C:\\xampp\\htdocs...')
#15 {main}
CRITICAL - 2025-08-23 10:23:05 --> CodeIgniter\Database\Exceptions\DatabaseException: Table 'pixelbui_hadeethorder.orders' doesn't exist
[Method: POST, Route: order/submit]
in SYSTEMPATH\Database\BaseConnection.php on line 684.
 1 SYSTEMPATH\Database\BaseBuilder.php(2345): CodeIgniter\Database\BaseConnection->query('INSERT INTO `orders` (`customer_name`, `customer_email`, `total_qty`, `total_amount`, `created_at`, `updated_at`) VALUES (:customer_name:, :customer_email:, :total_qty:, :total_amount:, :created_at:, :updated_at:)', [...], false)
 2 SYSTEMPATH\Model.php(394): CodeIgniter\Database\BaseBuilder->insert()
 3 SYSTEMPATH\BaseModel.php(838): CodeIgniter\Model->doInsert([...])
 4 SYSTEMPATH\Model.php(797): CodeIgniter\BaseModel->insert([...], true)
 5 APPPATH\Controllers\ShopController.php(77): CodeIgniter\Model->insert([...])
 6 SYSTEMPATH\CodeIgniter.php(933): App\Controllers\ShopController->submit()
 7 SYSTEMPATH\CodeIgniter.php(507): CodeIgniter\CodeIgniter->runController(Object(App\Controllers\ShopController))
 8 SYSTEMPATH\CodeIgniter.php(354): CodeIgniter\CodeIgniter->handleRequest(null, Object(Config\Cache), false)
 9 SYSTEMPATH\Boot.php(363): CodeIgniter\CodeIgniter->run()
10 SYSTEMPATH\Boot.php(68): CodeIgniter\Boot::runCodeIgniter(Object(CodeIgniter\CodeIgniter))
11 FCPATH\index.php(59): CodeIgniter\Boot::bootWeb(Object(Config\Paths))
12 SYSTEMPATH\rewrite.php(44): require_once('C:\\xampp\\htdocs\\codeigniter4order\\public\\index.php')
CRITICAL - 2025-08-23 10:23:05 --> [Caused by] CodeIgniter\Database\Exceptions\DatabaseException: Table 'pixelbui_hadeethorder.orders' doesn't exist
in SYSTEMPATH\Database\MySQLi\Connection.php on line 332.
 1 SYSTEMPATH\Database\BaseConnection.php(729): CodeIgniter\Database\MySQLi\Connection->execute('INSERT INTO `orders` (`customer_name`, `customer_email`, `total_qty`, `total_amount`, `created_at`, `updated_at`) VALUES (\'joh\', \'raihancngabu@gmail.com\', 2, 100, \'2025-08-23 10:23:05\', \'2025-08-23 10:23:05\')')
 2 SYSTEMPATH\Database\BaseConnection.php(646): CodeIgniter\Database\BaseConnection->simpleQuery('INSERT INTO `orders` (`customer_name`, `customer_email`, `total_qty`, `total_amount`, `created_at`, `updated_at`) VALUES (\'joh\', \'raihancngabu@gmail.com\', 2, 100, \'2025-08-23 10:23:05\', \'2025-08-23 10:23:05\')')
 3 SYSTEMPATH\Database\BaseBuilder.php(2345): CodeIgniter\Database\BaseConnection->query('INSERT INTO `orders` (`customer_name`, `customer_email`, `total_qty`, `total_amount`, `created_at`, `updated_at`) VALUES (:customer_name:, :customer_email:, :total_qty:, :total_amount:, :created_at:, :updated_at:)', [...], false)
 4 SYSTEMPATH\Model.php(394): CodeIgniter\Database\BaseBuilder->insert()
 5 SYSTEMPATH\BaseModel.php(838): CodeIgniter\Model->doInsert([...])
 6 SYSTEMPATH\Model.php(797): CodeIgniter\BaseModel->insert([...], true)
 7 APPPATH\Controllers\ShopController.php(77): CodeIgniter\Model->insert([...])
 8 SYSTEMPATH\CodeIgniter.php(933): App\Controllers\ShopController->submit()
 9 SYSTEMPATH\CodeIgniter.php(507): CodeIgniter\CodeIgniter->runController(Object(App\Controllers\ShopController))
10 SYSTEMPATH\CodeIgniter.php(354): CodeIgniter\CodeIgniter->handleRequest(null, Object(Config\Cache), false)
11 SYSTEMPATH\Boot.php(363): CodeIgniter\CodeIgniter->run()
12 SYSTEMPATH\Boot.php(68): CodeIgniter\Boot::runCodeIgniter(Object(CodeIgniter\CodeIgniter))
13 FCPATH\index.php(59): CodeIgniter\Boot::bootWeb(Object(Config\Paths))
14 SYSTEMPATH\rewrite.php(44): require_once('C:\\xampp\\htdocs\\codeigniter4order\\public\\index.php')
CRITICAL - 2025-08-23 10:23:05 --> [Caused by] mysqli_sql_exception: Table 'pixelbui_hadeethorder.orders' doesn't exist
in SYSTEMPATH\Database\MySQLi\Connection.php on line 327.
 1 SYSTEMPATH\Database\MySQLi\Connection.php(327): mysqli->query('INSERT INTO `orders` (`customer_name`, `customer_email`, `total_qty`, `total_amount`, `created_at`, `updated_at`) VALUES (\'joh\', \'raihancngabu@gmail.com\', 2, 100, \'2025-08-23 10:23:05\', \'2025-08-23 10:23:05\')', 0)
 2 SYSTEMPATH\Database\BaseConnection.php(729): CodeIgniter\Database\MySQLi\Connection->execute('INSERT INTO `orders` (`customer_name`, `customer_email`, `total_qty`, `total_amount`, `created_at`, `updated_at`) VALUES (\'joh\', \'raihancngabu@gmail.com\', 2, 100, \'2025-08-23 10:23:05\', \'2025-08-23 10:23:05\')')
 3 SYSTEMPATH\Database\BaseConnection.php(646): CodeIgniter\Database\BaseConnection->simpleQuery('INSERT INTO `orders` (`customer_name`, `customer_email`, `total_qty`, `total_amount`, `created_at`, `updated_at`) VALUES (\'joh\', \'raihancngabu@gmail.com\', 2, 100, \'2025-08-23 10:23:05\', \'2025-08-23 10:23:05\')')
 4 SYSTEMPATH\Database\BaseBuilder.php(2345): CodeIgniter\Database\BaseConnection->query('INSERT INTO `orders` (`customer_name`, `customer_email`, `total_qty`, `total_amount`, `created_at`, `updated_at`) VALUES (:customer_name:, :customer_email:, :total_qty:, :total_amount:, :created_at:, :updated_at:)', [...], false)
 5 SYSTEMPATH\Model.php(394): CodeIgniter\Database\BaseBuilder->insert()
 6 SYSTEMPATH\BaseModel.php(838): CodeIgniter\Model->doInsert([...])
 7 SYSTEMPATH\Model.php(797): CodeIgniter\BaseModel->insert([...], true)
 8 APPPATH\Controllers\ShopController.php(77): CodeIgniter\Model->insert([...])
 9 SYSTEMPATH\CodeIgniter.php(933): App\Controllers\ShopController->submit()
10 SYSTEMPATH\CodeIgniter.php(507): CodeIgniter\CodeIgniter->runController(Object(App\Controllers\ShopController))
11 SYSTEMPATH\CodeIgniter.php(354): CodeIgniter\CodeIgniter->handleRequest(null, Object(Config\Cache), false)
12 SYSTEMPATH\Boot.php(363): CodeIgniter\CodeIgniter->run()
13 SYSTEMPATH\Boot.php(68): CodeIgniter\Boot::runCodeIgniter(Object(CodeIgniter\CodeIgniter))
14 FCPATH\index.php(59): CodeIgniter\Boot::bootWeb(Object(Config\Paths))
15 SYSTEMPATH\rewrite.php(44): require_once('C:\\xampp\\htdocs\\codeigniter4order\\public\\index.php')
ERROR - 2025-08-23 10:25:25 --> mysqli_sql_exception: Table 'pixelbui_hadeethorder.orders' doesn't exist in C:\xampp\htdocs\codeigniter4order\system\Database\MySQLi\Connection.php:327
Stack trace:
#0 C:\xampp\htdocs\codeigniter4order\system\Database\MySQLi\Connection.php(327): mysqli->query('INSERT INTO `or...', 0)
#1 C:\xampp\htdocs\codeigniter4order\system\Database\BaseConnection.php(729): CodeIgniter\Database\MySQLi\Connection->execute('INSERT INTO `or...')
#2 C:\xampp\htdocs\codeigniter4order\system\Database\BaseConnection.php(646): CodeIgniter\Database\BaseConnection->simpleQuery('INSERT INTO `or...')
#3 C:\xampp\htdocs\codeigniter4order\system\Database\BaseBuilder.php(2345): CodeIgniter\Database\BaseConnection->query('INSERT INTO `or...', Array, false)
#4 C:\xampp\htdocs\codeigniter4order\system\Model.php(394): CodeIgniter\Database\BaseBuilder->insert()
#5 C:\xampp\htdocs\codeigniter4order\system\BaseModel.php(838): CodeIgniter\Model->doInsert(Array)
#6 C:\xampp\htdocs\codeigniter4order\system\Model.php(797): CodeIgniter\BaseModel->insert(Array, true)
#7 C:\xampp\htdocs\codeigniter4order\app\Controllers\ShopController.php(77): CodeIgniter\Model->insert(Array)
#8 C:\xampp\htdocs\codeigniter4order\system\CodeIgniter.php(933): App\Controllers\ShopController->submit()
#9 C:\xampp\htdocs\codeigniter4order\system\CodeIgniter.php(507): CodeIgniter\CodeIgniter->runController(Object(App\Controllers\ShopController))
#10 C:\xampp\htdocs\codeigniter4order\system\CodeIgniter.php(354): CodeIgniter\CodeIgniter->handleRequest(NULL, Object(Config\Cache), false)
#11 C:\xampp\htdocs\codeigniter4order\system\Boot.php(363): CodeIgniter\CodeIgniter->run()
#12 C:\xampp\htdocs\codeigniter4order\system\Boot.php(68): CodeIgniter\Boot::runCodeIgniter(Object(CodeIgniter\CodeIgniter))
#13 C:\xampp\htdocs\codeigniter4order\public\index.php(59): CodeIgniter\Boot::bootWeb(Object(Config\Paths))
#14 C:\xampp\htdocs\codeigniter4order\system\rewrite.php(44): require_once('C:\\xampp\\htdocs...')
#15 {main}
CRITICAL - 2025-08-23 10:25:25 --> CodeIgniter\Database\Exceptions\DatabaseException: Table 'pixelbui_hadeethorder.orders' doesn't exist
[Method: POST, Route: order/submit]
in SYSTEMPATH\Database\BaseConnection.php on line 684.
 1 SYSTEMPATH\Database\BaseBuilder.php(2345): CodeIgniter\Database\BaseConnection->query('INSERT INTO `orders` (`customer_name`, `customer_email`, `total_qty`, `total_amount`, `created_at`, `updated_at`) VALUES (:customer_name:, :customer_email:, :total_qty:, :total_amount:, :created_at:, :updated_at:)', [...], false)
 2 SYSTEMPATH\Model.php(394): CodeIgniter\Database\BaseBuilder->insert()
 3 SYSTEMPATH\BaseModel.php(838): CodeIgniter\Model->doInsert([...])
 4 SYSTEMPATH\Model.php(797): CodeIgniter\BaseModel->insert([...], true)
 5 APPPATH\Controllers\ShopController.php(77): CodeIgniter\Model->insert([...])
 6 SYSTEMPATH\CodeIgniter.php(933): App\Controllers\ShopController->submit()
 7 SYSTEMPATH\CodeIgniter.php(507): CodeIgniter\CodeIgniter->runController(Object(App\Controllers\ShopController))
 8 SYSTEMPATH\CodeIgniter.php(354): CodeIgniter\CodeIgniter->handleRequest(null, Object(Config\Cache), false)
 9 SYSTEMPATH\Boot.php(363): CodeIgniter\CodeIgniter->run()
10 SYSTEMPATH\Boot.php(68): CodeIgniter\Boot::runCodeIgniter(Object(CodeIgniter\CodeIgniter))
11 FCPATH\index.php(59): CodeIgniter\Boot::bootWeb(Object(Config\Paths))
12 SYSTEMPATH\rewrite.php(44): require_once('C:\\xampp\\htdocs\\codeigniter4order\\public\\index.php')
CRITICAL - 2025-08-23 10:25:25 --> [Caused by] CodeIgniter\Database\Exceptions\DatabaseException: Table 'pixelbui_hadeethorder.orders' doesn't exist
in SYSTEMPATH\Database\MySQLi\Connection.php on line 332.
 1 SYSTEMPATH\Database\BaseConnection.php(729): CodeIgniter\Database\MySQLi\Connection->execute('INSERT INTO `orders` (`customer_name`, `customer_email`, `total_qty`, `total_amount`, `created_at`, `updated_at`) VALUES (\'joh\', \'raihancngabu@gmail.com\', 2, 100, \'2025-08-23 10:25:25\', \'2025-08-23 10:25:25\')')
 2 SYSTEMPATH\Database\BaseConnection.php(646): CodeIgniter\Database\BaseConnection->simpleQuery('INSERT INTO `orders` (`customer_name`, `customer_email`, `total_qty`, `total_amount`, `created_at`, `updated_at`) VALUES (\'joh\', \'raihancngabu@gmail.com\', 2, 100, \'2025-08-23 10:25:25\', \'2025-08-23 10:25:25\')')
 3 SYSTEMPATH\Database\BaseBuilder.php(2345): CodeIgniter\Database\BaseConnection->query('INSERT INTO `orders` (`customer_name`, `customer_email`, `total_qty`, `total_amount`, `created_at`, `updated_at`) VALUES (:customer_name:, :customer_email:, :total_qty:, :total_amount:, :created_at:, :updated_at:)', [...], false)
 4 SYSTEMPATH\Model.php(394): CodeIgniter\Database\BaseBuilder->insert()
 5 SYSTEMPATH\BaseModel.php(838): CodeIgniter\Model->doInsert([...])
 6 SYSTEMPATH\Model.php(797): CodeIgniter\BaseModel->insert([...], true)
 7 APPPATH\Controllers\ShopController.php(77): CodeIgniter\Model->insert([...])
 8 SYSTEMPATH\CodeIgniter.php(933): App\Controllers\ShopController->submit()
 9 SYSTEMPATH\CodeIgniter.php(507): CodeIgniter\CodeIgniter->runController(Object(App\Controllers\ShopController))
10 SYSTEMPATH\CodeIgniter.php(354): CodeIgniter\CodeIgniter->handleRequest(null, Object(Config\Cache), false)
11 SYSTEMPATH\Boot.php(363): CodeIgniter\CodeIgniter->run()
12 SYSTEMPATH\Boot.php(68): CodeIgniter\Boot::runCodeIgniter(Object(CodeIgniter\CodeIgniter))
13 FCPATH\index.php(59): CodeIgniter\Boot::bootWeb(Object(Config\Paths))
14 SYSTEMPATH\rewrite.php(44): require_once('C:\\xampp\\htdocs\\codeigniter4order\\public\\index.php')
CRITICAL - 2025-08-23 10:25:25 --> [Caused by] mysqli_sql_exception: Table 'pixelbui_hadeethorder.orders' doesn't exist
in SYSTEMPATH\Database\MySQLi\Connection.php on line 327.
 1 SYSTEMPATH\Database\MySQLi\Connection.php(327): mysqli->query('INSERT INTO `orders` (`customer_name`, `customer_email`, `total_qty`, `total_amount`, `created_at`, `updated_at`) VALUES (\'joh\', \'raihancngabu@gmail.com\', 2, 100, \'2025-08-23 10:25:25\', \'2025-08-23 10:25:25\')', 0)
 2 SYSTEMPATH\Database\BaseConnection.php(729): CodeIgniter\Database\MySQLi\Connection->execute('INSERT INTO `orders` (`customer_name`, `customer_email`, `total_qty`, `total_amount`, `created_at`, `updated_at`) VALUES (\'joh\', \'raihancngabu@gmail.com\', 2, 100, \'2025-08-23 10:25:25\', \'2025-08-23 10:25:25\')')
 3 SYSTEMPATH\Database\BaseConnection.php(646): CodeIgniter\Database\BaseConnection->simpleQuery('INSERT INTO `orders` (`customer_name`, `customer_email`, `total_qty`, `total_amount`, `created_at`, `updated_at`) VALUES (\'joh\', \'raihancngabu@gmail.com\', 2, 100, \'2025-08-23 10:25:25\', \'2025-08-23 10:25:25\')')
 4 SYSTEMPATH\Database\BaseBuilder.php(2345): CodeIgniter\Database\BaseConnection->query('INSERT INTO `orders` (`customer_name`, `customer_email`, `total_qty`, `total_amount`, `created_at`, `updated_at`) VALUES (:customer_name:, :customer_email:, :total_qty:, :total_amount:, :created_at:, :updated_at:)', [...], false)
 5 SYSTEMPATH\Model.php(394): CodeIgniter\Database\BaseBuilder->insert()
 6 SYSTEMPATH\BaseModel.php(838): CodeIgniter\Model->doInsert([...])
 7 SYSTEMPATH\Model.php(797): CodeIgniter\BaseModel->insert([...], true)
 8 APPPATH\Controllers\ShopController.php(77): CodeIgniter\Model->insert([...])
 9 SYSTEMPATH\CodeIgniter.php(933): App\Controllers\ShopController->submit()
10 SYSTEMPATH\CodeIgniter.php(507): CodeIgniter\CodeIgniter->runController(Object(App\Controllers\ShopController))
11 SYSTEMPATH\CodeIgniter.php(354): CodeIgniter\CodeIgniter->handleRequest(null, Object(Config\Cache), false)
12 SYSTEMPATH\Boot.php(363): CodeIgniter\CodeIgniter->run()
13 SYSTEMPATH\Boot.php(68): CodeIgniter\Boot::runCodeIgniter(Object(CodeIgniter\CodeIgniter))
14 FCPATH\index.php(59): CodeIgniter\Boot::bootWeb(Object(Config\Paths))
15 SYSTEMPATH\rewrite.php(44): require_once('C:\\xampp\\htdocs\\codeigniter4order\\public\\index.php')
ERROR - 2025-08-23 10:43:37 --> mysqli_sql_exception: Table 'pixelbui_hadeethorder.orders' doesn't exist in C:\xampp\htdocs\codeigniter4order\system\Database\MySQLi\Connection.php:327
Stack trace:
#0 C:\xampp\htdocs\codeigniter4order\system\Database\MySQLi\Connection.php(327): mysqli->query('INSERT INTO `or...', 0)
#1 C:\xampp\htdocs\codeigniter4order\system\Database\BaseConnection.php(729): CodeIgniter\Database\MySQLi\Connection->execute('INSERT INTO `or...')
#2 C:\xampp\htdocs\codeigniter4order\system\Database\BaseConnection.php(646): CodeIgniter\Database\BaseConnection->simpleQuery('INSERT INTO `or...')
#3 C:\xampp\htdocs\codeigniter4order\system\Database\BaseBuilder.php(2345): CodeIgniter\Database\BaseConnection->query('INSERT INTO `or...', Array, false)
#4 C:\xampp\htdocs\codeigniter4order\system\Model.php(394): CodeIgniter\Database\BaseBuilder->insert()
#5 C:\xampp\htdocs\codeigniter4order\system\BaseModel.php(838): CodeIgniter\Model->doInsert(Array)
#6 C:\xampp\htdocs\codeigniter4order\system\Model.php(797): CodeIgniter\BaseModel->insert(Array, true)
#7 C:\xampp\htdocs\codeigniter4order\app\Controllers\ShopController.php(77): CodeIgniter\Model->insert(Array)
#8 C:\xampp\htdocs\codeigniter4order\system\CodeIgniter.php(933): App\Controllers\ShopController->submit()
#9 C:\xampp\htdocs\codeigniter4order\system\CodeIgniter.php(507): CodeIgniter\CodeIgniter->runController(Object(App\Controllers\ShopController))
#10 C:\xampp\htdocs\codeigniter4order\system\CodeIgniter.php(354): CodeIgniter\CodeIgniter->handleRequest(NULL, Object(Config\Cache), false)
#11 C:\xampp\htdocs\codeigniter4order\system\Boot.php(363): CodeIgniter\CodeIgniter->run()
#12 C:\xampp\htdocs\codeigniter4order\system\Boot.php(68): CodeIgniter\Boot::runCodeIgniter(Object(CodeIgniter\CodeIgniter))
#13 C:\xampp\htdocs\codeigniter4order\public\index.php(59): CodeIgniter\Boot::bootWeb(Object(Config\Paths))
#14 C:\xampp\htdocs\codeigniter4order\system\rewrite.php(44): require_once('C:\\xampp\\htdocs...')
#15 {main}
CRITICAL - 2025-08-23 10:43:37 --> CodeIgniter\Database\Exceptions\DatabaseException: Table 'pixelbui_hadeethorder.orders' doesn't exist
[Method: POST, Route: order/submit]
in SYSTEMPATH\Database\BaseConnection.php on line 684.
 1 SYSTEMPATH\Database\BaseBuilder.php(2345): CodeIgniter\Database\BaseConnection->query('INSERT INTO `orders` (`customer_name`, `customer_email`, `total_qty`, `total_amount`, `created_at`, `updated_at`) VALUES (:customer_name:, :customer_email:, :total_qty:, :total_amount:, :created_at:, :updated_at:)', [...], false)
 2 SYSTEMPATH\Model.php(394): CodeIgniter\Database\BaseBuilder->insert()
 3 SYSTEMPATH\BaseModel.php(838): CodeIgniter\Model->doInsert([...])
 4 SYSTEMPATH\Model.php(797): CodeIgniter\BaseModel->insert([...], true)
 5 APPPATH\Controllers\ShopController.php(77): CodeIgniter\Model->insert([...])
 6 SYSTEMPATH\CodeIgniter.php(933): App\Controllers\ShopController->submit()
 7 SYSTEMPATH\CodeIgniter.php(507): CodeIgniter\CodeIgniter->runController(Object(App\Controllers\ShopController))
 8 SYSTEMPATH\CodeIgniter.php(354): CodeIgniter\CodeIgniter->handleRequest(null, Object(Config\Cache), false)
 9 SYSTEMPATH\Boot.php(363): CodeIgniter\CodeIgniter->run()
10 SYSTEMPATH\Boot.php(68): CodeIgniter\Boot::runCodeIgniter(Object(CodeIgniter\CodeIgniter))
11 FCPATH\index.php(59): CodeIgniter\Boot::bootWeb(Object(Config\Paths))
12 SYSTEMPATH\rewrite.php(44): require_once('C:\\xampp\\htdocs\\codeigniter4order\\public\\index.php')
CRITICAL - 2025-08-23 10:43:37 --> [Caused by] CodeIgniter\Database\Exceptions\DatabaseException: Table 'pixelbui_hadeethorder.orders' doesn't exist
in SYSTEMPATH\Database\MySQLi\Connection.php on line 332.
 1 SYSTEMPATH\Database\BaseConnection.php(729): CodeIgniter\Database\MySQLi\Connection->execute('INSERT INTO `orders` (`customer_name`, `customer_email`, `total_qty`, `total_amount`, `created_at`, `updated_at`) VALUES (\'joh\', \'raihancngabu@gmail.com\', 2, 100, \'2025-08-23 10:43:37\', \'2025-08-23 10:43:37\')')
 2 SYSTEMPATH\Database\BaseConnection.php(646): CodeIgniter\Database\BaseConnection->simpleQuery('INSERT INTO `orders` (`customer_name`, `customer_email`, `total_qty`, `total_amount`, `created_at`, `updated_at`) VALUES (\'joh\', \'raihancngabu@gmail.com\', 2, 100, \'2025-08-23 10:43:37\', \'2025-08-23 10:43:37\')')
 3 SYSTEMPATH\Database\BaseBuilder.php(2345): CodeIgniter\Database\BaseConnection->query('INSERT INTO `orders` (`customer_name`, `customer_email`, `total_qty`, `total_amount`, `created_at`, `updated_at`) VALUES (:customer_name:, :customer_email:, :total_qty:, :total_amount:, :created_at:, :updated_at:)', [...], false)
 4 SYSTEMPATH\Model.php(394): CodeIgniter\Database\BaseBuilder->insert()
 5 SYSTEMPATH\BaseModel.php(838): CodeIgniter\Model->doInsert([...])
 6 SYSTEMPATH\Model.php(797): CodeIgniter\BaseModel->insert([...], true)
 7 APPPATH\Controllers\ShopController.php(77): CodeIgniter\Model->insert([...])
 8 SYSTEMPATH\CodeIgniter.php(933): App\Controllers\ShopController->submit()
 9 SYSTEMPATH\CodeIgniter.php(507): CodeIgniter\CodeIgniter->runController(Object(App\Controllers\ShopController))
10 SYSTEMPATH\CodeIgniter.php(354): CodeIgniter\CodeIgniter->handleRequest(null, Object(Config\Cache), false)
11 SYSTEMPATH\Boot.php(363): CodeIgniter\CodeIgniter->run()
12 SYSTEMPATH\Boot.php(68): CodeIgniter\Boot::runCodeIgniter(Object(CodeIgniter\CodeIgniter))
13 FCPATH\index.php(59): CodeIgniter\Boot::bootWeb(Object(Config\Paths))
14 SYSTEMPATH\rewrite.php(44): require_once('C:\\xampp\\htdocs\\codeigniter4order\\public\\index.php')
CRITICAL - 2025-08-23 10:43:37 --> [Caused by] mysqli_sql_exception: Table 'pixelbui_hadeethorder.orders' doesn't exist
in SYSTEMPATH\Database\MySQLi\Connection.php on line 327.
 1 SYSTEMPATH\Database\MySQLi\Connection.php(327): mysqli->query('INSERT INTO `orders` (`customer_name`, `customer_email`, `total_qty`, `total_amount`, `created_at`, `updated_at`) VALUES (\'joh\', \'raihancngabu@gmail.com\', 2, 100, \'2025-08-23 10:43:37\', \'2025-08-23 10:43:37\')', 0)
 2 SYSTEMPATH\Database\BaseConnection.php(729): CodeIgniter\Database\MySQLi\Connection->execute('INSERT INTO `orders` (`customer_name`, `customer_email`, `total_qty`, `total_amount`, `created_at`, `updated_at`) VALUES (\'joh\', \'raihancngabu@gmail.com\', 2, 100, \'2025-08-23 10:43:37\', \'2025-08-23 10:43:37\')')
 3 SYSTEMPATH\Database\BaseConnection.php(646): CodeIgniter\Database\BaseConnection->simpleQuery('INSERT INTO `orders` (`customer_name`, `customer_email`, `total_qty`, `total_amount`, `created_at`, `updated_at`) VALUES (\'joh\', \'raihancngabu@gmail.com\', 2, 100, \'2025-08-23 10:43:37\', \'2025-08-23 10:43:37\')')
 4 SYSTEMPATH\Database\BaseBuilder.php(2345): CodeIgniter\Database\BaseConnection->query('INSERT INTO `orders` (`customer_name`, `customer_email`, `total_qty`, `total_amount`, `created_at`, `updated_at`) VALUES (:customer_name:, :customer_email:, :total_qty:, :total_amount:, :created_at:, :updated_at:)', [...], false)
 5 SYSTEMPATH\Model.php(394): CodeIgniter\Database\BaseBuilder->insert()
 6 SYSTEMPATH\BaseModel.php(838): CodeIgniter\Model->doInsert([...])
 7 SYSTEMPATH\Model.php(797): CodeIgniter\BaseModel->insert([...], true)
 8 APPPATH\Controllers\ShopController.php(77): CodeIgniter\Model->insert([...])
 9 SYSTEMPATH\CodeIgniter.php(933): App\Controllers\ShopController->submit()
10 SYSTEMPATH\CodeIgniter.php(507): CodeIgniter\CodeIgniter->runController(Object(App\Controllers\ShopController))
11 SYSTEMPATH\CodeIgniter.php(354): CodeIgniter\CodeIgniter->handleRequest(null, Object(Config\Cache), false)
12 SYSTEMPATH\Boot.php(363): CodeIgniter\CodeIgniter->run()
13 SYSTEMPATH\Boot.php(68): CodeIgniter\Boot::runCodeIgniter(Object(CodeIgniter\CodeIgniter))
14 FCPATH\index.php(59): CodeIgniter\Boot::bootWeb(Object(Config\Paths))
15 SYSTEMPATH\rewrite.php(44): require_once('C:\\xampp\\htdocs\\codeigniter4order\\public\\index.php')
CRITICAL - 2025-08-23 12:36:25 --> ErrorException: Undefined array key "title"
[Method: GET, Route: johir]
in APPPATH\Views\shop\index.php on line 27.
 1 APPPATH\Views\shop\index.php(27): CodeIgniter\Debug\Exceptions->errorHandler(2, 'Undefined array key "title"', 'C:\\xampp\\htdocs\\codeigniter4order\\app\\Views\\shop\\index.php', 27)
 2 SYSTEMPATH\View\View.php(226): include('C:\\xampp\\htdocs\\codeigniter4order\\app\\Views\\shop\\index.php')
 3 SYSTEMPATH\View\View.php(229): CodeIgniter\View\View->CodeIgniter\View\{closure}()
 4 SYSTEMPATH\Common.php(1167): CodeIgniter\View\View->render('shop/index', [], true)
 5 APPPATH\Controllers\ShopController.php(17): view('shop/index', [...])
 6 SYSTEMPATH\CodeIgniter.php(933): App\Controllers\ShopController->index()
 7 SYSTEMPATH\CodeIgniter.php(507): CodeIgniter\CodeIgniter->runController(Object(App\Controllers\ShopController))
 8 SYSTEMPATH\CodeIgniter.php(354): CodeIgniter\CodeIgniter->handleRequest(null, Object(Config\Cache), false)
 9 SYSTEMPATH\Boot.php(363): CodeIgniter\CodeIgniter->run()
10 SYSTEMPATH\Boot.php(68): CodeIgniter\Boot::runCodeIgniter(Object(CodeIgniter\CodeIgniter))
11 FCPATH\index.php(59): CodeIgniter\Boot::bootWeb(Object(Config\Paths))
12 SYSTEMPATH\rewrite.php(44): require_once('C:\\xampp\\htdocs\\codeigniter4order\\public\\index.php')
CRITICAL - 2025-08-23 12:36:28 --> ErrorException: Undefined array key "title"
[Method: GET, Route: johir]
in APPPATH\Views\shop\index.php on line 27.
 1 APPPATH\Views\shop\index.php(27): CodeIgniter\Debug\Exceptions->errorHandler(2, 'Undefined array key "title"', 'C:\\xampp\\htdocs\\codeigniter4order\\app\\Views\\shop\\index.php', 27)
 2 SYSTEMPATH\View\View.php(226): include('C:\\xampp\\htdocs\\codeigniter4order\\app\\Views\\shop\\index.php')
 3 SYSTEMPATH\View\View.php(229): CodeIgniter\View\View->CodeIgniter\View\{closure}()
 4 SYSTEMPATH\Common.php(1167): CodeIgniter\View\View->render('shop/index', [], true)
 5 APPPATH\Controllers\ShopController.php(17): view('shop/index', [...])
 6 SYSTEMPATH\CodeIgniter.php(933): App\Controllers\ShopController->index()
 7 SYSTEMPATH\CodeIgniter.php(507): CodeIgniter\CodeIgniter->runController(Object(App\Controllers\ShopController))
 8 SYSTEMPATH\CodeIgniter.php(354): CodeIgniter\CodeIgniter->handleRequest(null, Object(Config\Cache), false)
 9 SYSTEMPATH\Boot.php(363): CodeIgniter\CodeIgniter->run()
10 SYSTEMPATH\Boot.php(68): CodeIgniter\Boot::runCodeIgniter(Object(CodeIgniter\CodeIgniter))
11 FCPATH\index.php(59): CodeIgniter\Boot::bootWeb(Object(Config\Paths))
12 SYSTEMPATH\rewrite.php(44): require_once('C:\\xampp\\htdocs\\codeigniter4order\\public\\index.php')
CRITICAL - 2025-08-23 12:36:28 --> ErrorException: Undefined array key "title"
[Method: GET, Route: johir]
in APPPATH\Views\shop\index.php on line 27.
 1 APPPATH\Views\shop\index.php(27): CodeIgniter\Debug\Exceptions->errorHandler(2, 'Undefined array key "title"', 'C:\\xampp\\htdocs\\codeigniter4order\\app\\Views\\shop\\index.php', 27)
 2 SYSTEMPATH\View\View.php(226): include('C:\\xampp\\htdocs\\codeigniter4order\\app\\Views\\shop\\index.php')
 3 SYSTEMPATH\View\View.php(229): CodeIgniter\View\View->CodeIgniter\View\{closure}()
 4 SYSTEMPATH\Common.php(1167): CodeIgniter\View\View->render('shop/index', [], true)
 5 APPPATH\Controllers\ShopController.php(17): view('shop/index', [...])
 6 SYSTEMPATH\CodeIgniter.php(933): App\Controllers\ShopController->index()
 7 SYSTEMPATH\CodeIgniter.php(507): CodeIgniter\CodeIgniter->runController(Object(App\Controllers\ShopController))
 8 SYSTEMPATH\CodeIgniter.php(354): CodeIgniter\CodeIgniter->handleRequest(null, Object(Config\Cache), false)
 9 SYSTEMPATH\Boot.php(363): CodeIgniter\CodeIgniter->run()
10 SYSTEMPATH\Boot.php(68): CodeIgniter\Boot::runCodeIgniter(Object(CodeIgniter\CodeIgniter))
11 FCPATH\index.php(59): CodeIgniter\Boot::bootWeb(Object(Config\Paths))
12 SYSTEMPATH\rewrite.php(44): require_once('C:\\xampp\\htdocs\\codeigniter4order\\public\\index.php')
CRITICAL - 2025-08-23 12:36:28 --> ErrorException: Undefined array key "title"
[Method: GET, Route: johir]
in APPPATH\Views\shop\index.php on line 27.
 1 APPPATH\Views\shop\index.php(27): CodeIgniter\Debug\Exceptions->errorHandler(2, 'Undefined array key "title"', 'C:\\xampp\\htdocs\\codeigniter4order\\app\\Views\\shop\\index.php', 27)
 2 SYSTEMPATH\View\View.php(226): include('C:\\xampp\\htdocs\\codeigniter4order\\app\\Views\\shop\\index.php')
 3 SYSTEMPATH\View\View.php(229): CodeIgniter\View\View->CodeIgniter\View\{closure}()
 4 SYSTEMPATH\Common.php(1167): CodeIgniter\View\View->render('shop/index', [], true)
 5 APPPATH\Controllers\ShopController.php(17): view('shop/index', [...])
 6 SYSTEMPATH\CodeIgniter.php(933): App\Controllers\ShopController->index()
 7 SYSTEMPATH\CodeIgniter.php(507): CodeIgniter\CodeIgniter->runController(Object(App\Controllers\ShopController))
 8 SYSTEMPATH\CodeIgniter.php(354): CodeIgniter\CodeIgniter->handleRequest(null, Object(Config\Cache), false)
 9 SYSTEMPATH\Boot.php(363): CodeIgniter\CodeIgniter->run()
10 SYSTEMPATH\Boot.php(68): CodeIgniter\Boot::runCodeIgniter(Object(CodeIgniter\CodeIgniter))
11 FCPATH\index.php(59): CodeIgniter\Boot::bootWeb(Object(Config\Paths))
12 SYSTEMPATH\rewrite.php(44): require_once('C:\\xampp\\htdocs\\codeigniter4order\\public\\index.php')
CRITICAL - 2025-08-23 12:36:28 --> ErrorException: Undefined array key "title"
[Method: GET, Route: johir]
in APPPATH\Views\shop\index.php on line 27.
 1 APPPATH\Views\shop\index.php(27): CodeIgniter\Debug\Exceptions->errorHandler(2, 'Undefined array key "title"', 'C:\\xampp\\htdocs\\codeigniter4order\\app\\Views\\shop\\index.php', 27)
 2 SYSTEMPATH\View\View.php(226): include('C:\\xampp\\htdocs\\codeigniter4order\\app\\Views\\shop\\index.php')
 3 SYSTEMPATH\View\View.php(229): CodeIgniter\View\View->CodeIgniter\View\{closure}()
 4 SYSTEMPATH\Common.php(1167): CodeIgniter\View\View->render('shop/index', [], true)
 5 APPPATH\Controllers\ShopController.php(17): view('shop/index', [...])
 6 SYSTEMPATH\CodeIgniter.php(933): App\Controllers\ShopController->index()
 7 SYSTEMPATH\CodeIgniter.php(507): CodeIgniter\CodeIgniter->runController(Object(App\Controllers\ShopController))
 8 SYSTEMPATH\CodeIgniter.php(354): CodeIgniter\CodeIgniter->handleRequest(null, Object(Config\Cache), false)
 9 SYSTEMPATH\Boot.php(363): CodeIgniter\CodeIgniter->run()
10 SYSTEMPATH\Boot.php(68): CodeIgniter\Boot::runCodeIgniter(Object(CodeIgniter\CodeIgniter))
11 FCPATH\index.php(59): CodeIgniter\Boot::bootWeb(Object(Config\Paths))
12 SYSTEMPATH\rewrite.php(44): require_once('C:\\xampp\\htdocs\\codeigniter4order\\public\\index.php')
CRITICAL - 2025-08-23 12:36:53 --> ErrorException: Undefined array key "title"
[Method: GET, Route: johir]
in APPPATH\Views\shop\index.php on line 27.
 1 APPPATH\Views\shop\index.php(27): CodeIgniter\Debug\Exceptions->errorHandler(2, 'Undefined array key "title"', 'C:\\xampp\\htdocs\\codeigniter4order\\app\\Views\\shop\\index.php', 27)
 2 SYSTEMPATH\View\View.php(226): include('C:\\xampp\\htdocs\\codeigniter4order\\app\\Views\\shop\\index.php')
 3 SYSTEMPATH\View\View.php(229): CodeIgniter\View\View->CodeIgniter\View\{closure}()
 4 SYSTEMPATH\Common.php(1167): CodeIgniter\View\View->render('shop/index', [], true)
 5 APPPATH\Controllers\ShopController.php(17): view('shop/index', [...])
 6 SYSTEMPATH\CodeIgniter.php(933): App\Controllers\ShopController->index()
 7 SYSTEMPATH\CodeIgniter.php(507): CodeIgniter\CodeIgniter->runController(Object(App\Controllers\ShopController))
 8 SYSTEMPATH\CodeIgniter.php(354): CodeIgniter\CodeIgniter->handleRequest(null, Object(Config\Cache), false)
 9 SYSTEMPATH\Boot.php(363): CodeIgniter\CodeIgniter->run()
10 SYSTEMPATH\Boot.php(68): CodeIgniter\Boot::runCodeIgniter(Object(CodeIgniter\CodeIgniter))
11 FCPATH\index.php(59): CodeIgniter\Boot::bootWeb(Object(Config\Paths))
12 SYSTEMPATH\rewrite.php(44): require_once('C:\\xampp\\htdocs\\codeigniter4order\\public\\index.php')
CRITICAL - 2025-08-23 12:36:54 --> ErrorException: Undefined array key "title"
[Method: GET, Route: johir]
in APPPATH\Views\shop\index.php on line 27.
 1 APPPATH\Views\shop\index.php(27): CodeIgniter\Debug\Exceptions->errorHandler(2, 'Undefined array key "title"', 'C:\\xampp\\htdocs\\codeigniter4order\\app\\Views\\shop\\index.php', 27)
 2 SYSTEMPATH\View\View.php(226): include('C:\\xampp\\htdocs\\codeigniter4order\\app\\Views\\shop\\index.php')
 3 SYSTEMPATH\View\View.php(229): CodeIgniter\View\View->CodeIgniter\View\{closure}()
 4 SYSTEMPATH\Common.php(1167): CodeIgniter\View\View->render('shop/index', [], true)
 5 APPPATH\Controllers\ShopController.php(17): view('shop/index', [...])
 6 SYSTEMPATH\CodeIgniter.php(933): App\Controllers\ShopController->index()
 7 SYSTEMPATH\CodeIgniter.php(507): CodeIgniter\CodeIgniter->runController(Object(App\Controllers\ShopController))
 8 SYSTEMPATH\CodeIgniter.php(354): CodeIgniter\CodeIgniter->handleRequest(null, Object(Config\Cache), false)
 9 SYSTEMPATH\Boot.php(363): CodeIgniter\CodeIgniter->run()
10 SYSTEMPATH\Boot.php(68): CodeIgniter\Boot::runCodeIgniter(Object(CodeIgniter\CodeIgniter))
11 FCPATH\index.php(59): CodeIgniter\Boot::bootWeb(Object(Config\Paths))
12 SYSTEMPATH\rewrite.php(44): require_once('C:\\xampp\\htdocs\\codeigniter4order\\public\\index.php')
CRITICAL - 2025-08-23 12:36:55 --> ErrorException: Undefined array key "title"
[Method: GET, Route: johir]
in APPPATH\Views\shop\index.php on line 27.
 1 APPPATH\Views\shop\index.php(27): CodeIgniter\Debug\Exceptions->errorHandler(2, 'Undefined array key "title"', 'C:\\xampp\\htdocs\\codeigniter4order\\app\\Views\\shop\\index.php', 27)
 2 SYSTEMPATH\View\View.php(226): include('C:\\xampp\\htdocs\\codeigniter4order\\app\\Views\\shop\\index.php')
 3 SYSTEMPATH\View\View.php(229): CodeIgniter\View\View->CodeIgniter\View\{closure}()
 4 SYSTEMPATH\Common.php(1167): CodeIgniter\View\View->render('shop/index', [], true)
 5 APPPATH\Controllers\ShopController.php(17): view('shop/index', [...])
 6 SYSTEMPATH\CodeIgniter.php(933): App\Controllers\ShopController->index()
 7 SYSTEMPATH\CodeIgniter.php(507): CodeIgniter\CodeIgniter->runController(Object(App\Controllers\ShopController))
 8 SYSTEMPATH\CodeIgniter.php(354): CodeIgniter\CodeIgniter->handleRequest(null, Object(Config\Cache), false)
 9 SYSTEMPATH\Boot.php(363): CodeIgniter\CodeIgniter->run()
10 SYSTEMPATH\Boot.php(68): CodeIgniter\Boot::runCodeIgniter(Object(CodeIgniter\CodeIgniter))
11 FCPATH\index.php(59): CodeIgniter\Boot::bootWeb(Object(Config\Paths))
12 SYSTEMPATH\rewrite.php(44): require_once('C:\\xampp\\htdocs\\codeigniter4order\\public\\index.php')
CRITICAL - 2025-08-23 12:36:55 --> ErrorException: Undefined array key "title"
[Method: GET, Route: johir]
in APPPATH\Views\shop\index.php on line 27.
 1 APPPATH\Views\shop\index.php(27): CodeIgniter\Debug\Exceptions->errorHandler(2, 'Undefined array key "title"', 'C:\\xampp\\htdocs\\codeigniter4order\\app\\Views\\shop\\index.php', 27)
 2 SYSTEMPATH\View\View.php(226): include('C:\\xampp\\htdocs\\codeigniter4order\\app\\Views\\shop\\index.php')
 3 SYSTEMPATH\View\View.php(229): CodeIgniter\View\View->CodeIgniter\View\{closure}()
 4 SYSTEMPATH\Common.php(1167): CodeIgniter\View\View->render('shop/index', [], true)
 5 APPPATH\Controllers\ShopController.php(17): view('shop/index', [...])
 6 SYSTEMPATH\CodeIgniter.php(933): App\Controllers\ShopController->index()
 7 SYSTEMPATH\CodeIgniter.php(507): CodeIgniter\CodeIgniter->runController(Object(App\Controllers\ShopController))
 8 SYSTEMPATH\CodeIgniter.php(354): CodeIgniter\CodeIgniter->handleRequest(null, Object(Config\Cache), false)
 9 SYSTEMPATH\Boot.php(363): CodeIgniter\CodeIgniter->run()
10 SYSTEMPATH\Boot.php(68): CodeIgniter\Boot::runCodeIgniter(Object(CodeIgniter\CodeIgniter))
11 FCPATH\index.php(59): CodeIgniter\Boot::bootWeb(Object(Config\Paths))
12 SYSTEMPATH\rewrite.php(44): require_once('C:\\xampp\\htdocs\\codeigniter4order\\public\\index.php')
CRITICAL - 2025-08-23 12:36:55 --> ErrorException: Undefined array key "title"
[Method: GET, Route: johir]
in APPPATH\Views\shop\index.php on line 27.
 1 APPPATH\Views\shop\index.php(27): CodeIgniter\Debug\Exceptions->errorHandler(2, 'Undefined array key "title"', 'C:\\xampp\\htdocs\\codeigniter4order\\app\\Views\\shop\\index.php', 27)
 2 SYSTEMPATH\View\View.php(226): include('C:\\xampp\\htdocs\\codeigniter4order\\app\\Views\\shop\\index.php')
 3 SYSTEMPATH\View\View.php(229): CodeIgniter\View\View->CodeIgniter\View\{closure}()
 4 SYSTEMPATH\Common.php(1167): CodeIgniter\View\View->render('shop/index', [], true)
 5 APPPATH\Controllers\ShopController.php(17): view('shop/index', [...])
 6 SYSTEMPATH\CodeIgniter.php(933): App\Controllers\ShopController->index()
 7 SYSTEMPATH\CodeIgniter.php(507): CodeIgniter\CodeIgniter->runController(Object(App\Controllers\ShopController))
 8 SYSTEMPATH\CodeIgniter.php(354): CodeIgniter\CodeIgniter->handleRequest(null, Object(Config\Cache), false)
 9 SYSTEMPATH\Boot.php(363): CodeIgniter\CodeIgniter->run()
10 SYSTEMPATH\Boot.php(68): CodeIgniter\Boot::runCodeIgniter(Object(CodeIgniter\CodeIgniter))
11 FCPATH\index.php(59): CodeIgniter\Boot::bootWeb(Object(Config\Paths))
12 SYSTEMPATH\rewrite.php(44): require_once('C:\\xampp\\htdocs\\codeigniter4order\\public\\index.php')
CRITICAL - 2025-08-23 12:37:44 --> ErrorException: Undefined variable $classes
[Method: GET, Route: johir]
in APPPATH\Views\shop\index.php on line 22.
 1 APPPATH\Views\shop\index.php(22): CodeIgniter\Debug\Exceptions->errorHandler(2, 'Undefined variable $classes', 'C:\\xampp\\htdocs\\codeigniter4order\\app\\Views\\shop\\index.php', 22)
 2 SYSTEMPATH\View\View.php(226): include('C:\\xampp\\htdocs\\codeigniter4order\\app\\Views\\shop\\index.php')
 3 SYSTEMPATH\View\View.php(229): CodeIgniter\View\View->CodeIgniter\View\{closure}()
 4 SYSTEMPATH\Common.php(1167): CodeIgniter\View\View->render('shop/index', [], true)
 5 APPPATH\Controllers\ShopController.php(17): view('shop/index', [...])
 6 SYSTEMPATH\CodeIgniter.php(933): App\Controllers\ShopController->index()
 7 SYSTEMPATH\CodeIgniter.php(507): CodeIgniter\CodeIgniter->runController(Object(App\Controllers\ShopController))
 8 SYSTEMPATH\CodeIgniter.php(354): CodeIgniter\CodeIgniter->handleRequest(null, Object(Config\Cache), false)
 9 SYSTEMPATH\Boot.php(363): CodeIgniter\CodeIgniter->run()
10 SYSTEMPATH\Boot.php(68): CodeIgniter\Boot::runCodeIgniter(Object(CodeIgniter\CodeIgniter))
11 FCPATH\index.php(59): CodeIgniter\Boot::bootWeb(Object(Config\Paths))
12 SYSTEMPATH\rewrite.php(44): require_once('C:\\xampp\\htdocs\\codeigniter4order\\public\\index.php')
CRITICAL - 2025-08-23 12:37:45 --> ErrorException: Undefined variable $classes
[Method: GET, Route: johir]
in APPPATH\Views\shop\index.php on line 22.
 1 APPPATH\Views\shop\index.php(22): CodeIgniter\Debug\Exceptions->errorHandler(2, 'Undefined variable $classes', 'C:\\xampp\\htdocs\\codeigniter4order\\app\\Views\\shop\\index.php', 22)
 2 SYSTEMPATH\View\View.php(226): include('C:\\xampp\\htdocs\\codeigniter4order\\app\\Views\\shop\\index.php')
 3 SYSTEMPATH\View\View.php(229): CodeIgniter\View\View->CodeIgniter\View\{closure}()
 4 SYSTEMPATH\Common.php(1167): CodeIgniter\View\View->render('shop/index', [], true)
 5 APPPATH\Controllers\ShopController.php(17): view('shop/index', [...])
 6 SYSTEMPATH\CodeIgniter.php(933): App\Controllers\ShopController->index()
 7 SYSTEMPATH\CodeIgniter.php(507): CodeIgniter\CodeIgniter->runController(Object(App\Controllers\ShopController))
 8 SYSTEMPATH\CodeIgniter.php(354): CodeIgniter\CodeIgniter->handleRequest(null, Object(Config\Cache), false)
 9 SYSTEMPATH\Boot.php(363): CodeIgniter\CodeIgniter->run()
10 SYSTEMPATH\Boot.php(68): CodeIgniter\Boot::runCodeIgniter(Object(CodeIgniter\CodeIgniter))
11 FCPATH\index.php(59): CodeIgniter\Boot::bootWeb(Object(Config\Paths))
12 SYSTEMPATH\rewrite.php(44): require_once('C:\\xampp\\htdocs\\codeigniter4order\\public\\index.php')
CRITICAL - 2025-08-23 12:37:45 --> ErrorException: Undefined variable $classes
[Method: GET, Route: johir]
in APPPATH\Views\shop\index.php on line 22.
 1 APPPATH\Views\shop\index.php(22): CodeIgniter\Debug\Exceptions->errorHandler(2, 'Undefined variable $classes', 'C:\\xampp\\htdocs\\codeigniter4order\\app\\Views\\shop\\index.php', 22)
 2 SYSTEMPATH\View\View.php(226): include('C:\\xampp\\htdocs\\codeigniter4order\\app\\Views\\shop\\index.php')
 3 SYSTEMPATH\View\View.php(229): CodeIgniter\View\View->CodeIgniter\View\{closure}()
 4 SYSTEMPATH\Common.php(1167): CodeIgniter\View\View->render('shop/index', [], true)
 5 APPPATH\Controllers\ShopController.php(17): view('shop/index', [...])
 6 SYSTEMPATH\CodeIgniter.php(933): App\Controllers\ShopController->index()
 7 SYSTEMPATH\CodeIgniter.php(507): CodeIgniter\CodeIgniter->runController(Object(App\Controllers\ShopController))
 8 SYSTEMPATH\CodeIgniter.php(354): CodeIgniter\CodeIgniter->handleRequest(null, Object(Config\Cache), false)
 9 SYSTEMPATH\Boot.php(363): CodeIgniter\CodeIgniter->run()
10 SYSTEMPATH\Boot.php(68): CodeIgniter\Boot::runCodeIgniter(Object(CodeIgniter\CodeIgniter))
11 FCPATH\index.php(59): CodeIgniter\Boot::bootWeb(Object(Config\Paths))
12 SYSTEMPATH\rewrite.php(44): require_once('C:\\xampp\\htdocs\\codeigniter4order\\public\\index.php')
CRITICAL - 2025-08-23 12:37:45 --> ErrorException: Undefined variable $classes
[Method: GET, Route: johir]
in APPPATH\Views\shop\index.php on line 22.
 1 APPPATH\Views\shop\index.php(22): CodeIgniter\Debug\Exceptions->errorHandler(2, 'Undefined variable $classes', 'C:\\xampp\\htdocs\\codeigniter4order\\app\\Views\\shop\\index.php', 22)
 2 SYSTEMPATH\View\View.php(226): include('C:\\xampp\\htdocs\\codeigniter4order\\app\\Views\\shop\\index.php')
 3 SYSTEMPATH\View\View.php(229): CodeIgniter\View\View->CodeIgniter\View\{closure}()
 4 SYSTEMPATH\Common.php(1167): CodeIgniter\View\View->render('shop/index', [], true)
 5 APPPATH\Controllers\ShopController.php(17): view('shop/index', [...])
 6 SYSTEMPATH\CodeIgniter.php(933): App\Controllers\ShopController->index()
 7 SYSTEMPATH\CodeIgniter.php(507): CodeIgniter\CodeIgniter->runController(Object(App\Controllers\ShopController))
 8 SYSTEMPATH\CodeIgniter.php(354): CodeIgniter\CodeIgniter->handleRequest(null, Object(Config\Cache), false)
 9 SYSTEMPATH\Boot.php(363): CodeIgniter\CodeIgniter->run()
10 SYSTEMPATH\Boot.php(68): CodeIgniter\Boot::runCodeIgniter(Object(CodeIgniter\CodeIgniter))
11 FCPATH\index.php(59): CodeIgniter\Boot::bootWeb(Object(Config\Paths))
12 SYSTEMPATH\rewrite.php(44): require_once('C:\\xampp\\htdocs\\codeigniter4order\\public\\index.php')
CRITICAL - 2025-08-23 12:37:45 --> ErrorException: Undefined variable $classes
[Method: GET, Route: johir]
in APPPATH\Views\shop\index.php on line 22.
 1 APPPATH\Views\shop\index.php(22): CodeIgniter\Debug\Exceptions->errorHandler(2, 'Undefined variable $classes', 'C:\\xampp\\htdocs\\codeigniter4order\\app\\Views\\shop\\index.php', 22)
 2 SYSTEMPATH\View\View.php(226): include('C:\\xampp\\htdocs\\codeigniter4order\\app\\Views\\shop\\index.php')
 3 SYSTEMPATH\View\View.php(229): CodeIgniter\View\View->CodeIgniter\View\{closure}()
 4 SYSTEMPATH\Common.php(1167): CodeIgniter\View\View->render('shop/index', [], true)
 5 APPPATH\Controllers\ShopController.php(17): view('shop/index', [...])
 6 SYSTEMPATH\CodeIgniter.php(933): App\Controllers\ShopController->index()
 7 SYSTEMPATH\CodeIgniter.php(507): CodeIgniter\CodeIgniter->runController(Object(App\Controllers\ShopController))
 8 SYSTEMPATH\CodeIgniter.php(354): CodeIgniter\CodeIgniter->handleRequest(null, Object(Config\Cache), false)
 9 SYSTEMPATH\Boot.php(363): CodeIgniter\CodeIgniter->run()
10 SYSTEMPATH\Boot.php(68): CodeIgniter\Boot::runCodeIgniter(Object(CodeIgniter\CodeIgniter))
11 FCPATH\index.php(59): CodeIgniter\Boot::bootWeb(Object(Config\Paths))
12 SYSTEMPATH\rewrite.php(44): require_once('C:\\xampp\\htdocs\\codeigniter4order\\public\\index.php')
CRITICAL - 2025-08-23 12:37:46 --> ErrorException: Undefined variable $classes
[Method: GET, Route: johir]
in APPPATH\Views\shop\index.php on line 22.
 1 APPPATH\Views\shop\index.php(22): CodeIgniter\Debug\Exceptions->errorHandler(2, 'Undefined variable $classes', 'C:\\xampp\\htdocs\\codeigniter4order\\app\\Views\\shop\\index.php', 22)
 2 SYSTEMPATH\View\View.php(226): include('C:\\xampp\\htdocs\\codeigniter4order\\app\\Views\\shop\\index.php')
 3 SYSTEMPATH\View\View.php(229): CodeIgniter\View\View->CodeIgniter\View\{closure}()
 4 SYSTEMPATH\Common.php(1167): CodeIgniter\View\View->render('shop/index', [], true)
 5 APPPATH\Controllers\ShopController.php(17): view('shop/index', [...])
 6 SYSTEMPATH\CodeIgniter.php(933): App\Controllers\ShopController->index()
 7 SYSTEMPATH\CodeIgniter.php(507): CodeIgniter\CodeIgniter->runController(Object(App\Controllers\ShopController))
 8 SYSTEMPATH\CodeIgniter.php(354): CodeIgniter\CodeIgniter->handleRequest(null, Object(Config\Cache), false)
 9 SYSTEMPATH\Boot.php(363): CodeIgniter\CodeIgniter->run()
10 SYSTEMPATH\Boot.php(68): CodeIgniter\Boot::runCodeIgniter(Object(CodeIgniter\CodeIgniter))
11 FCPATH\index.php(59): CodeIgniter\Boot::bootWeb(Object(Config\Paths))
12 SYSTEMPATH\rewrite.php(44): require_once('C:\\xampp\\htdocs\\codeigniter4order\\public\\index.php')
CRITICAL - 2025-08-23 12:37:46 --> ErrorException: Undefined variable $classes
[Method: GET, Route: johir]
in APPPATH\Views\shop\index.php on line 22.
 1 APPPATH\Views\shop\index.php(22): CodeIgniter\Debug\Exceptions->errorHandler(2, 'Undefined variable $classes', 'C:\\xampp\\htdocs\\codeigniter4order\\app\\Views\\shop\\index.php', 22)
 2 SYSTEMPATH\View\View.php(226): include('C:\\xampp\\htdocs\\codeigniter4order\\app\\Views\\shop\\index.php')
 3 SYSTEMPATH\View\View.php(229): CodeIgniter\View\View->CodeIgniter\View\{closure}()
 4 SYSTEMPATH\Common.php(1167): CodeIgniter\View\View->render('shop/index', [], true)
 5 APPPATH\Controllers\ShopController.php(17): view('shop/index', [...])
 6 SYSTEMPATH\CodeIgniter.php(933): App\Controllers\ShopController->index()
 7 SYSTEMPATH\CodeIgniter.php(507): CodeIgniter\CodeIgniter->runController(Object(App\Controllers\ShopController))
 8 SYSTEMPATH\CodeIgniter.php(354): CodeIgniter\CodeIgniter->handleRequest(null, Object(Config\Cache), false)
 9 SYSTEMPATH\Boot.php(363): CodeIgniter\CodeIgniter->run()
10 SYSTEMPATH\Boot.php(68): CodeIgniter\Boot::runCodeIgniter(Object(CodeIgniter\CodeIgniter))
11 FCPATH\index.php(59): CodeIgniter\Boot::bootWeb(Object(Config\Paths))
12 SYSTEMPATH\rewrite.php(44): require_once('C:\\xampp\\htdocs\\codeigniter4order\\public\\index.php')
CRITICAL - 2025-08-23 12:37:46 --> ErrorException: Undefined variable $classes
[Method: GET, Route: johir]
in APPPATH\Views\shop\index.php on line 22.
 1 APPPATH\Views\shop\index.php(22): CodeIgniter\Debug\Exceptions->errorHandler(2, 'Undefined variable $classes', 'C:\\xampp\\htdocs\\codeigniter4order\\app\\Views\\shop\\index.php', 22)
 2 SYSTEMPATH\View\View.php(226): include('C:\\xampp\\htdocs\\codeigniter4order\\app\\Views\\shop\\index.php')
 3 SYSTEMPATH\View\View.php(229): CodeIgniter\View\View->CodeIgniter\View\{closure}()
 4 SYSTEMPATH\Common.php(1167): CodeIgniter\View\View->render('shop/index', [], true)
 5 APPPATH\Controllers\ShopController.php(17): view('shop/index', [...])
 6 SYSTEMPATH\CodeIgniter.php(933): App\Controllers\ShopController->index()
 7 SYSTEMPATH\CodeIgniter.php(507): CodeIgniter\CodeIgniter->runController(Object(App\Controllers\ShopController))
 8 SYSTEMPATH\CodeIgniter.php(354): CodeIgniter\CodeIgniter->handleRequest(null, Object(Config\Cache), false)
 9 SYSTEMPATH\Boot.php(363): CodeIgniter\CodeIgniter->run()
10 SYSTEMPATH\Boot.php(68): CodeIgniter\Boot::runCodeIgniter(Object(CodeIgniter\CodeIgniter))
11 FCPATH\index.php(59): CodeIgniter\Boot::bootWeb(Object(Config\Paths))
12 SYSTEMPATH\rewrite.php(44): require_once('C:\\xampp\\htdocs\\codeigniter4order\\public\\index.php')
CRITICAL - 2025-08-23 12:38:27 --> ErrorException: Undefined variable $classes
[Method: GET, Route: johir]
in APPPATH\Views\shop\index.php on line 9.
 1 APPPATH\Views\shop\index.php(9): CodeIgniter\Debug\Exceptions->errorHandler(2, 'Undefined variable $classes', 'C:\\xampp\\htdocs\\codeigniter4order\\app\\Views\\shop\\index.php', 9)
 2 SYSTEMPATH\View\View.php(226): include('C:\\xampp\\htdocs\\codeigniter4order\\app\\Views\\shop\\index.php')
 3 SYSTEMPATH\View\View.php(229): CodeIgniter\View\View->CodeIgniter\View\{closure}()
 4 SYSTEMPATH\Common.php(1167): CodeIgniter\View\View->render('shop/index', [], true)
 5 APPPATH\Controllers\ShopController.php(17): view('shop/index', [...])
 6 SYSTEMPATH\CodeIgniter.php(933): App\Controllers\ShopController->index()
 7 SYSTEMPATH\CodeIgniter.php(507): CodeIgniter\CodeIgniter->runController(Object(App\Controllers\ShopController))
 8 SYSTEMPATH\CodeIgniter.php(354): CodeIgniter\CodeIgniter->handleRequest(null, Object(Config\Cache), false)
 9 SYSTEMPATH\Boot.php(363): CodeIgniter\CodeIgniter->run()
10 SYSTEMPATH\Boot.php(68): CodeIgniter\Boot::runCodeIgniter(Object(CodeIgniter\CodeIgniter))
11 FCPATH\index.php(59): CodeIgniter\Boot::bootWeb(Object(Config\Paths))
12 SYSTEMPATH\rewrite.php(44): require_once('C:\\xampp\\htdocs\\codeigniter4order\\public\\index.php')
CRITICAL - 2025-08-23 12:38:51 --> ErrorException: Undefined variable $classes
[Method: GET, Route: johir]
in APPPATH\Views\shop\index.php on line 9.
 1 APPPATH\Views\shop\index.php(9): CodeIgniter\Debug\Exceptions->errorHandler(2, 'Undefined variable $classes', 'C:\\xampp\\htdocs\\codeigniter4order\\app\\Views\\shop\\index.php', 9)
 2 SYSTEMPATH\View\View.php(226): include('C:\\xampp\\htdocs\\codeigniter4order\\app\\Views\\shop\\index.php')
 3 SYSTEMPATH\View\View.php(229): CodeIgniter\View\View->CodeIgniter\View\{closure}()
 4 SYSTEMPATH\Common.php(1167): CodeIgniter\View\View->render('shop/index', [], true)
 5 APPPATH\Controllers\ShopController.php(17): view('shop/index', [...])
 6 SYSTEMPATH\CodeIgniter.php(933): App\Controllers\ShopController->index()
 7 SYSTEMPATH\CodeIgniter.php(507): CodeIgniter\CodeIgniter->runController(Object(App\Controllers\ShopController))
 8 SYSTEMPATH\CodeIgniter.php(354): CodeIgniter\CodeIgniter->handleRequest(null, Object(Config\Cache), false)
 9 SYSTEMPATH\Boot.php(363): CodeIgniter\CodeIgniter->run()
10 SYSTEMPATH\Boot.php(68): CodeIgniter\Boot::runCodeIgniter(Object(CodeIgniter\CodeIgniter))
11 FCPATH\index.php(59): CodeIgniter\Boot::bootWeb(Object(Config\Paths))
12 SYSTEMPATH\rewrite.php(44): require_once('C:\\xampp\\htdocs\\codeigniter4order\\public\\index.php')
CRITICAL - 2025-08-23 12:38:51 --> ErrorException: Undefined variable $classes
[Method: GET, Route: johir]
in APPPATH\Views\shop\index.php on line 9.
 1 APPPATH\Views\shop\index.php(9): CodeIgniter\Debug\Exceptions->errorHandler(2, 'Undefined variable $classes', 'C:\\xampp\\htdocs\\codeigniter4order\\app\\Views\\shop\\index.php', 9)
 2 SYSTEMPATH\View\View.php(226): include('C:\\xampp\\htdocs\\codeigniter4order\\app\\Views\\shop\\index.php')
 3 SYSTEMPATH\View\View.php(229): CodeIgniter\View\View->CodeIgniter\View\{closure}()
 4 SYSTEMPATH\Common.php(1167): CodeIgniter\View\View->render('shop/index', [], true)
 5 APPPATH\Controllers\ShopController.php(17): view('shop/index', [...])
 6 SYSTEMPATH\CodeIgniter.php(933): App\Controllers\ShopController->index()
 7 SYSTEMPATH\CodeIgniter.php(507): CodeIgniter\CodeIgniter->runController(Object(App\Controllers\ShopController))
 8 SYSTEMPATH\CodeIgniter.php(354): CodeIgniter\CodeIgniter->handleRequest(null, Object(Config\Cache), false)
 9 SYSTEMPATH\Boot.php(363): CodeIgniter\CodeIgniter->run()
10 SYSTEMPATH\Boot.php(68): CodeIgniter\Boot::runCodeIgniter(Object(CodeIgniter\CodeIgniter))
11 FCPATH\index.php(59): CodeIgniter\Boot::bootWeb(Object(Config\Paths))
12 SYSTEMPATH\rewrite.php(44): require_once('C:\\xampp\\htdocs\\codeigniter4order\\public\\index.php')
CRITICAL - 2025-08-23 12:38:51 --> ErrorException: Undefined variable $classes
[Method: GET, Route: johir]
in APPPATH\Views\shop\index.php on line 9.
 1 APPPATH\Views\shop\index.php(9): CodeIgniter\Debug\Exceptions->errorHandler(2, 'Undefined variable $classes', 'C:\\xampp\\htdocs\\codeigniter4order\\app\\Views\\shop\\index.php', 9)
 2 SYSTEMPATH\View\View.php(226): include('C:\\xampp\\htdocs\\codeigniter4order\\app\\Views\\shop\\index.php')
 3 SYSTEMPATH\View\View.php(229): CodeIgniter\View\View->CodeIgniter\View\{closure}()
 4 SYSTEMPATH\Common.php(1167): CodeIgniter\View\View->render('shop/index', [], true)
 5 APPPATH\Controllers\ShopController.php(17): view('shop/index', [...])
 6 SYSTEMPATH\CodeIgniter.php(933): App\Controllers\ShopController->index()
 7 SYSTEMPATH\CodeIgniter.php(507): CodeIgniter\CodeIgniter->runController(Object(App\Controllers\ShopController))
 8 SYSTEMPATH\CodeIgniter.php(354): CodeIgniter\CodeIgniter->handleRequest(null, Object(Config\Cache), false)
 9 SYSTEMPATH\Boot.php(363): CodeIgniter\CodeIgniter->run()
10 SYSTEMPATH\Boot.php(68): CodeIgniter\Boot::runCodeIgniter(Object(CodeIgniter\CodeIgniter))
11 FCPATH\index.php(59): CodeIgniter\Boot::bootWeb(Object(Config\Paths))
12 SYSTEMPATH\rewrite.php(44): require_once('C:\\xampp\\htdocs\\codeigniter4order\\public\\index.php')
CRITICAL - 2025-08-23 12:38:51 --> ErrorException: Undefined variable $classes
[Method: GET, Route: johir]
in APPPATH\Views\shop\index.php on line 9.
 1 APPPATH\Views\shop\index.php(9): CodeIgniter\Debug\Exceptions->errorHandler(2, 'Undefined variable $classes', 'C:\\xampp\\htdocs\\codeigniter4order\\app\\Views\\shop\\index.php', 9)
 2 SYSTEMPATH\View\View.php(226): include('C:\\xampp\\htdocs\\codeigniter4order\\app\\Views\\shop\\index.php')
 3 SYSTEMPATH\View\View.php(229): CodeIgniter\View\View->CodeIgniter\View\{closure}()
 4 SYSTEMPATH\Common.php(1167): CodeIgniter\View\View->render('shop/index', [], true)
 5 APPPATH\Controllers\ShopController.php(17): view('shop/index', [...])
 6 SYSTEMPATH\CodeIgniter.php(933): App\Controllers\ShopController->index()
 7 SYSTEMPATH\CodeIgniter.php(507): CodeIgniter\CodeIgniter->runController(Object(App\Controllers\ShopController))
 8 SYSTEMPATH\CodeIgniter.php(354): CodeIgniter\CodeIgniter->handleRequest(null, Object(Config\Cache), false)
 9 SYSTEMPATH\Boot.php(363): CodeIgniter\CodeIgniter->run()
10 SYSTEMPATH\Boot.php(68): CodeIgniter\Boot::runCodeIgniter(Object(CodeIgniter\CodeIgniter))
11 FCPATH\index.php(59): CodeIgniter\Boot::bootWeb(Object(Config\Paths))
12 SYSTEMPATH\rewrite.php(44): require_once('C:\\xampp\\htdocs\\codeigniter4order\\public\\index.php')
CRITICAL - 2025-08-23 12:38:51 --> ErrorException: Undefined variable $classes
[Method: GET, Route: johir]
in APPPATH\Views\shop\index.php on line 9.
 1 APPPATH\Views\shop\index.php(9): CodeIgniter\Debug\Exceptions->errorHandler(2, 'Undefined variable $classes', 'C:\\xampp\\htdocs\\codeigniter4order\\app\\Views\\shop\\index.php', 9)
 2 SYSTEMPATH\View\View.php(226): include('C:\\xampp\\htdocs\\codeigniter4order\\app\\Views\\shop\\index.php')
 3 SYSTEMPATH\View\View.php(229): CodeIgniter\View\View->CodeIgniter\View\{closure}()
 4 SYSTEMPATH\Common.php(1167): CodeIgniter\View\View->render('shop/index', [], true)
 5 APPPATH\Controllers\ShopController.php(17): view('shop/index', [...])
 6 SYSTEMPATH\CodeIgniter.php(933): App\Controllers\ShopController->index()
 7 SYSTEMPATH\CodeIgniter.php(507): CodeIgniter\CodeIgniter->runController(Object(App\Controllers\ShopController))
 8 SYSTEMPATH\CodeIgniter.php(354): CodeIgniter\CodeIgniter->handleRequest(null, Object(Config\Cache), false)
 9 SYSTEMPATH\Boot.php(363): CodeIgniter\CodeIgniter->run()
10 SYSTEMPATH\Boot.php(68): CodeIgniter\Boot::runCodeIgniter(Object(CodeIgniter\CodeIgniter))
11 FCPATH\index.php(59): CodeIgniter\Boot::bootWeb(Object(Config\Paths))
12 SYSTEMPATH\rewrite.php(44): require_once('C:\\xampp\\htdocs\\codeigniter4order\\public\\index.php')
CRITICAL - 2025-08-23 12:38:51 --> ErrorException: Undefined variable $classes
[Method: GET, Route: johir]
in APPPATH\Views\shop\index.php on line 9.
 1 APPPATH\Views\shop\index.php(9): CodeIgniter\Debug\Exceptions->errorHandler(2, 'Undefined variable $classes', 'C:\\xampp\\htdocs\\codeigniter4order\\app\\Views\\shop\\index.php', 9)
 2 SYSTEMPATH\View\View.php(226): include('C:\\xampp\\htdocs\\codeigniter4order\\app\\Views\\shop\\index.php')
 3 SYSTEMPATH\View\View.php(229): CodeIgniter\View\View->CodeIgniter\View\{closure}()
 4 SYSTEMPATH\Common.php(1167): CodeIgniter\View\View->render('shop/index', [], true)
 5 APPPATH\Controllers\ShopController.php(17): view('shop/index', [...])
 6 SYSTEMPATH\CodeIgniter.php(933): App\Controllers\ShopController->index()
 7 SYSTEMPATH\CodeIgniter.php(507): CodeIgniter\CodeIgniter->runController(Object(App\Controllers\ShopController))
 8 SYSTEMPATH\CodeIgniter.php(354): CodeIgniter\CodeIgniter->handleRequest(null, Object(Config\Cache), false)
 9 SYSTEMPATH\Boot.php(363): CodeIgniter\CodeIgniter->run()
10 SYSTEMPATH\Boot.php(68): CodeIgniter\Boot::runCodeIgniter(Object(CodeIgniter\CodeIgniter))
11 FCPATH\index.php(59): CodeIgniter\Boot::bootWeb(Object(Config\Paths))
12 SYSTEMPATH\rewrite.php(44): require_once('C:\\xampp\\htdocs\\codeigniter4order\\public\\index.php')
CRITICAL - 2025-08-23 12:38:57 --> ErrorException: Undefined variable $classes
[Method: GET, Route: johir]
in APPPATH\Views\shop\index.php on line 9.
 1 APPPATH\Views\shop\index.php(9): CodeIgniter\Debug\Exceptions->errorHandler(2, 'Undefined variable $classes', 'C:\\xampp\\htdocs\\codeigniter4order\\app\\Views\\shop\\index.php', 9)
 2 SYSTEMPATH\View\View.php(226): include('C:\\xampp\\htdocs\\codeigniter4order\\app\\Views\\shop\\index.php')
 3 SYSTEMPATH\View\View.php(229): CodeIgniter\View\View->CodeIgniter\View\{closure}()
 4 SYSTEMPATH\Common.php(1167): CodeIgniter\View\View->render('shop/index', [], true)
 5 APPPATH\Controllers\ShopController.php(17): view('shop/index', [...])
 6 SYSTEMPATH\CodeIgniter.php(933): App\Controllers\ShopController->index()
 7 SYSTEMPATH\CodeIgniter.php(507): CodeIgniter\CodeIgniter->runController(Object(App\Controllers\ShopController))
 8 SYSTEMPATH\CodeIgniter.php(354): CodeIgniter\CodeIgniter->handleRequest(null, Object(Config\Cache), false)
 9 SYSTEMPATH\Boot.php(363): CodeIgniter\CodeIgniter->run()
10 SYSTEMPATH\Boot.php(68): CodeIgniter\Boot::runCodeIgniter(Object(CodeIgniter\CodeIgniter))
11 FCPATH\index.php(59): CodeIgniter\Boot::bootWeb(Object(Config\Paths))
12 SYSTEMPATH\rewrite.php(44): require_once('C:\\xampp\\htdocs\\codeigniter4order\\public\\index.php')
CRITICAL - 2025-08-23 12:39:01 --> ErrorException: Undefined variable $classes
[Method: GET, Route: johir]
in APPPATH\Views\shop\index.php on line 9.
 1 APPPATH\Views\shop\index.php(9): CodeIgniter\Debug\Exceptions->errorHandler(2, 'Undefined variable $classes', 'C:\\xampp\\htdocs\\codeigniter4order\\app\\Views\\shop\\index.php', 9)
 2 SYSTEMPATH\View\View.php(226): include('C:\\xampp\\htdocs\\codeigniter4order\\app\\Views\\shop\\index.php')
 3 SYSTEMPATH\View\View.php(229): CodeIgniter\View\View->CodeIgniter\View\{closure}()
 4 SYSTEMPATH\Common.php(1167): CodeIgniter\View\View->render('shop/index', [], true)
 5 APPPATH\Controllers\ShopController.php(17): view('shop/index', [...])
 6 SYSTEMPATH\CodeIgniter.php(933): App\Controllers\ShopController->index()
 7 SYSTEMPATH\CodeIgniter.php(507): CodeIgniter\CodeIgniter->runController(Object(App\Controllers\ShopController))
 8 SYSTEMPATH\CodeIgniter.php(354): CodeIgniter\CodeIgniter->handleRequest(null, Object(Config\Cache), false)
 9 SYSTEMPATH\Boot.php(363): CodeIgniter\CodeIgniter->run()
10 SYSTEMPATH\Boot.php(68): CodeIgniter\Boot::runCodeIgniter(Object(CodeIgniter\CodeIgniter))
11 FCPATH\index.php(59): CodeIgniter\Boot::bootWeb(Object(Config\Paths))
12 SYSTEMPATH\rewrite.php(44): require_once('C:\\xampp\\htdocs\\codeigniter4order\\public\\index.php')
CRITICAL - 2025-08-23 12:39:02 --> ErrorException: Undefined variable $classes
[Method: GET, Route: johir]
in APPPATH\Views\shop\index.php on line 9.
 1 APPPATH\Views\shop\index.php(9): CodeIgniter\Debug\Exceptions->errorHandler(2, 'Undefined variable $classes', 'C:\\xampp\\htdocs\\codeigniter4order\\app\\Views\\shop\\index.php', 9)
 2 SYSTEMPATH\View\View.php(226): include('C:\\xampp\\htdocs\\codeigniter4order\\app\\Views\\shop\\index.php')
 3 SYSTEMPATH\View\View.php(229): CodeIgniter\View\View->CodeIgniter\View\{closure}()
 4 SYSTEMPATH\Common.php(1167): CodeIgniter\View\View->render('shop/index', [], true)
 5 APPPATH\Controllers\ShopController.php(17): view('shop/index', [...])
 6 SYSTEMPATH\CodeIgniter.php(933): App\Controllers\ShopController->index()
 7 SYSTEMPATH\CodeIgniter.php(507): CodeIgniter\CodeIgniter->runController(Object(App\Controllers\ShopController))
 8 SYSTEMPATH\CodeIgniter.php(354): CodeIgniter\CodeIgniter->handleRequest(null, Object(Config\Cache), false)
 9 SYSTEMPATH\Boot.php(363): CodeIgniter\CodeIgniter->run()
10 SYSTEMPATH\Boot.php(68): CodeIgniter\Boot::runCodeIgniter(Object(CodeIgniter\CodeIgniter))
11 FCPATH\index.php(59): CodeIgniter\Boot::bootWeb(Object(Config\Paths))
12 SYSTEMPATH\rewrite.php(44): require_once('C:\\xampp\\htdocs\\codeigniter4order\\public\\index.php')
CRITICAL - 2025-08-23 12:39:02 --> ErrorException: Undefined variable $classes
[Method: GET, Route: johir]
in APPPATH\Views\shop\index.php on line 9.
 1 APPPATH\Views\shop\index.php(9): CodeIgniter\Debug\Exceptions->errorHandler(2, 'Undefined variable $classes', 'C:\\xampp\\htdocs\\codeigniter4order\\app\\Views\\shop\\index.php', 9)
 2 SYSTEMPATH\View\View.php(226): include('C:\\xampp\\htdocs\\codeigniter4order\\app\\Views\\shop\\index.php')
 3 SYSTEMPATH\View\View.php(229): CodeIgniter\View\View->CodeIgniter\View\{closure}()
 4 SYSTEMPATH\Common.php(1167): CodeIgniter\View\View->render('shop/index', [], true)
 5 APPPATH\Controllers\ShopController.php(17): view('shop/index', [...])
 6 SYSTEMPATH\CodeIgniter.php(933): App\Controllers\ShopController->index()
 7 SYSTEMPATH\CodeIgniter.php(507): CodeIgniter\CodeIgniter->runController(Object(App\Controllers\ShopController))
 8 SYSTEMPATH\CodeIgniter.php(354): CodeIgniter\CodeIgniter->handleRequest(null, Object(Config\Cache), false)
 9 SYSTEMPATH\Boot.php(363): CodeIgniter\CodeIgniter->run()
10 SYSTEMPATH\Boot.php(68): CodeIgniter\Boot::runCodeIgniter(Object(CodeIgniter\CodeIgniter))
11 FCPATH\index.php(59): CodeIgniter\Boot::bootWeb(Object(Config\Paths))
12 SYSTEMPATH\rewrite.php(44): require_once('C:\\xampp\\htdocs\\codeigniter4order\\public\\index.php')
CRITICAL - 2025-08-23 12:39:02 --> ErrorException: Undefined variable $classes
[Method: GET, Route: johir]
in APPPATH\Views\shop\index.php on line 9.
 1 APPPATH\Views\shop\index.php(9): CodeIgniter\Debug\Exceptions->errorHandler(2, 'Undefined variable $classes', 'C:\\xampp\\htdocs\\codeigniter4order\\app\\Views\\shop\\index.php', 9)
 2 SYSTEMPATH\View\View.php(226): include('C:\\xampp\\htdocs\\codeigniter4order\\app\\Views\\shop\\index.php')
 3 SYSTEMPATH\View\View.php(229): CodeIgniter\View\View->CodeIgniter\View\{closure}()
 4 SYSTEMPATH\Common.php(1167): CodeIgniter\View\View->render('shop/index', [], true)
 5 APPPATH\Controllers\ShopController.php(17): view('shop/index', [...])
 6 SYSTEMPATH\CodeIgniter.php(933): App\Controllers\ShopController->index()
 7 SYSTEMPATH\CodeIgniter.php(507): CodeIgniter\CodeIgniter->runController(Object(App\Controllers\ShopController))
 8 SYSTEMPATH\CodeIgniter.php(354): CodeIgniter\CodeIgniter->handleRequest(null, Object(Config\Cache), false)
 9 SYSTEMPATH\Boot.php(363): CodeIgniter\CodeIgniter->run()
10 SYSTEMPATH\Boot.php(68): CodeIgniter\Boot::runCodeIgniter(Object(CodeIgniter\CodeIgniter))
11 FCPATH\index.php(59): CodeIgniter\Boot::bootWeb(Object(Config\Paths))
12 SYSTEMPATH\rewrite.php(44): require_once('C:\\xampp\\htdocs\\codeigniter4order\\public\\index.php')
CRITICAL - 2025-08-23 12:39:02 --> ErrorException: Undefined variable $classes
[Method: GET, Route: johir]
in APPPATH\Views\shop\index.php on line 9.
 1 APPPATH\Views\shop\index.php(9): CodeIgniter\Debug\Exceptions->errorHandler(2, 'Undefined variable $classes', 'C:\\xampp\\htdocs\\codeigniter4order\\app\\Views\\shop\\index.php', 9)
 2 SYSTEMPATH\View\View.php(226): include('C:\\xampp\\htdocs\\codeigniter4order\\app\\Views\\shop\\index.php')
 3 SYSTEMPATH\View\View.php(229): CodeIgniter\View\View->CodeIgniter\View\{closure}()
 4 SYSTEMPATH\Common.php(1167): CodeIgniter\View\View->render('shop/index', [], true)
 5 APPPATH\Controllers\ShopController.php(17): view('shop/index', [...])
 6 SYSTEMPATH\CodeIgniter.php(933): App\Controllers\ShopController->index()
 7 SYSTEMPATH\CodeIgniter.php(507): CodeIgniter\CodeIgniter->runController(Object(App\Controllers\ShopController))
 8 SYSTEMPATH\CodeIgniter.php(354): CodeIgniter\CodeIgniter->handleRequest(null, Object(Config\Cache), false)
 9 SYSTEMPATH\Boot.php(363): CodeIgniter\CodeIgniter->run()
10 SYSTEMPATH\Boot.php(68): CodeIgniter\Boot::runCodeIgniter(Object(CodeIgniter\CodeIgniter))
11 FCPATH\index.php(59): CodeIgniter\Boot::bootWeb(Object(Config\Paths))
12 SYSTEMPATH\rewrite.php(44): require_once('C:\\xampp\\htdocs\\codeigniter4order\\public\\index.php')
CRITICAL - 2025-08-23 12:41:13 --> ErrorException: Undefined variable $classes
[Method: GET, Route: johir]
in APPPATH\Views\shop\index.php on line 9.
 1 APPPATH\Views\shop\index.php(9): CodeIgniter\Debug\Exceptions->errorHandler(2, 'Undefined variable $classes', 'C:\\xampp\\htdocs\\codeigniter4order\\app\\Views\\shop\\index.php', 9)
 2 SYSTEMPATH\View\View.php(226): include('C:\\xampp\\htdocs\\codeigniter4order\\app\\Views\\shop\\index.php')
 3 SYSTEMPATH\View\View.php(229): CodeIgniter\View\View->CodeIgniter\View\{closure}()
 4 SYSTEMPATH\Common.php(1167): CodeIgniter\View\View->render('shop/index', [], true)
 5 APPPATH\Controllers\ShopController.php(17): view('shop/index', [...])
 6 SYSTEMPATH\CodeIgniter.php(933): App\Controllers\ShopController->index()
 7 SYSTEMPATH\CodeIgniter.php(507): CodeIgniter\CodeIgniter->runController(Object(App\Controllers\ShopController))
 8 SYSTEMPATH\CodeIgniter.php(354): CodeIgniter\CodeIgniter->handleRequest(null, Object(Config\Cache), false)
 9 SYSTEMPATH\Boot.php(363): CodeIgniter\CodeIgniter->run()
10 SYSTEMPATH\Boot.php(68): CodeIgniter\Boot::runCodeIgniter(Object(CodeIgniter\CodeIgniter))
11 FCPATH\index.php(59): CodeIgniter\Boot::bootWeb(Object(Config\Paths))
12 SYSTEMPATH\rewrite.php(44): require_once('C:\\xampp\\htdocs\\codeigniter4order\\public\\index.php')
CRITICAL - 2025-08-23 12:42:32 --> ErrorException: Undefined variable $classes
[Method: GET, Route: johir]
in APPPATH\Views\shop\index.php on line 9.
 1 APPPATH\Views\shop\index.php(9): CodeIgniter\Debug\Exceptions->errorHandler(2, 'Undefined variable $classes', 'C:\\xampp\\htdocs\\codeigniter4order\\app\\Views\\shop\\index.php', 9)
 2 SYSTEMPATH\View\View.php(226): include('C:\\xampp\\htdocs\\codeigniter4order\\app\\Views\\shop\\index.php')
 3 SYSTEMPATH\View\View.php(229): CodeIgniter\View\View->CodeIgniter\View\{closure}()
 4 SYSTEMPATH\Common.php(1167): CodeIgniter\View\View->render('shop/index', [], true)
 5 APPPATH\Controllers\ShopController.php(17): view('shop/index', [...])
 6 SYSTEMPATH\CodeIgniter.php(933): App\Controllers\ShopController->index()
 7 SYSTEMPATH\CodeIgniter.php(507): CodeIgniter\CodeIgniter->runController(Object(App\Controllers\ShopController))
 8 SYSTEMPATH\CodeIgniter.php(354): CodeIgniter\CodeIgniter->handleRequest(null, Object(Config\Cache), false)
 9 SYSTEMPATH\Boot.php(363): CodeIgniter\CodeIgniter->run()
10 SYSTEMPATH\Boot.php(68): CodeIgniter\Boot::runCodeIgniter(Object(CodeIgniter\CodeIgniter))
11 FCPATH\index.php(59): CodeIgniter\Boot::bootWeb(Object(Config\Paths))
12 SYSTEMPATH\rewrite.php(44): require_once('C:\\xampp\\htdocs\\codeigniter4order\\public\\index.php')
CRITICAL - 2025-08-23 12:42:34 --> ErrorException: Undefined variable $classes
[Method: GET, Route: johir]
in APPPATH\Views\shop\index.php on line 9.
 1 APPPATH\Views\shop\index.php(9): CodeIgniter\Debug\Exceptions->errorHandler(2, 'Undefined variable $classes', 'C:\\xampp\\htdocs\\codeigniter4order\\app\\Views\\shop\\index.php', 9)
 2 SYSTEMPATH\View\View.php(226): include('C:\\xampp\\htdocs\\codeigniter4order\\app\\Views\\shop\\index.php')
 3 SYSTEMPATH\View\View.php(229): CodeIgniter\View\View->CodeIgniter\View\{closure}()
 4 SYSTEMPATH\Common.php(1167): CodeIgniter\View\View->render('shop/index', [], true)
 5 APPPATH\Controllers\ShopController.php(17): view('shop/index', [...])
 6 SYSTEMPATH\CodeIgniter.php(933): App\Controllers\ShopController->index()
 7 SYSTEMPATH\CodeIgniter.php(507): CodeIgniter\CodeIgniter->runController(Object(App\Controllers\ShopController))
 8 SYSTEMPATH\CodeIgniter.php(354): CodeIgniter\CodeIgniter->handleRequest(null, Object(Config\Cache), false)
 9 SYSTEMPATH\Boot.php(363): CodeIgniter\CodeIgniter->run()
10 SYSTEMPATH\Boot.php(68): CodeIgniter\Boot::runCodeIgniter(Object(CodeIgniter\CodeIgniter))
11 FCPATH\index.php(59): CodeIgniter\Boot::bootWeb(Object(Config\Paths))
12 SYSTEMPATH\rewrite.php(44): require_once('C:\\xampp\\htdocs\\codeigniter4order\\public\\index.php')
CRITICAL - 2025-08-23 12:42:34 --> ErrorException: Undefined variable $classes
[Method: GET, Route: johir]
in APPPATH\Views\shop\index.php on line 9.
 1 APPPATH\Views\shop\index.php(9): CodeIgniter\Debug\Exceptions->errorHandler(2, 'Undefined variable $classes', 'C:\\xampp\\htdocs\\codeigniter4order\\app\\Views\\shop\\index.php', 9)
 2 SYSTEMPATH\View\View.php(226): include('C:\\xampp\\htdocs\\codeigniter4order\\app\\Views\\shop\\index.php')
 3 SYSTEMPATH\View\View.php(229): CodeIgniter\View\View->CodeIgniter\View\{closure}()
 4 SYSTEMPATH\Common.php(1167): CodeIgniter\View\View->render('shop/index', [], true)
 5 APPPATH\Controllers\ShopController.php(17): view('shop/index', [...])
 6 SYSTEMPATH\CodeIgniter.php(933): App\Controllers\ShopController->index()
 7 SYSTEMPATH\CodeIgniter.php(507): CodeIgniter\CodeIgniter->runController(Object(App\Controllers\ShopController))
 8 SYSTEMPATH\CodeIgniter.php(354): CodeIgniter\CodeIgniter->handleRequest(null, Object(Config\Cache), false)
 9 SYSTEMPATH\Boot.php(363): CodeIgniter\CodeIgniter->run()
10 SYSTEMPATH\Boot.php(68): CodeIgniter\Boot::runCodeIgniter(Object(CodeIgniter\CodeIgniter))
11 FCPATH\index.php(59): CodeIgniter\Boot::bootWeb(Object(Config\Paths))
12 SYSTEMPATH\rewrite.php(44): require_once('C:\\xampp\\htdocs\\codeigniter4order\\public\\index.php')
CRITICAL - 2025-08-23 12:42:34 --> ErrorException: Undefined variable $classes
[Method: GET, Route: johir]
in APPPATH\Views\shop\index.php on line 9.
 1 APPPATH\Views\shop\index.php(9): CodeIgniter\Debug\Exceptions->errorHandler(2, 'Undefined variable $classes', 'C:\\xampp\\htdocs\\codeigniter4order\\app\\Views\\shop\\index.php', 9)
 2 SYSTEMPATH\View\View.php(226): include('C:\\xampp\\htdocs\\codeigniter4order\\app\\Views\\shop\\index.php')
 3 SYSTEMPATH\View\View.php(229): CodeIgniter\View\View->CodeIgniter\View\{closure}()
 4 SYSTEMPATH\Common.php(1167): CodeIgniter\View\View->render('shop/index', [], true)
 5 APPPATH\Controllers\ShopController.php(17): view('shop/index', [...])
 6 SYSTEMPATH\CodeIgniter.php(933): App\Controllers\ShopController->index()
 7 SYSTEMPATH\CodeIgniter.php(507): CodeIgniter\CodeIgniter->runController(Object(App\Controllers\ShopController))
 8 SYSTEMPATH\CodeIgniter.php(354): CodeIgniter\CodeIgniter->handleRequest(null, Object(Config\Cache), false)
 9 SYSTEMPATH\Boot.php(363): CodeIgniter\CodeIgniter->run()
10 SYSTEMPATH\Boot.php(68): CodeIgniter\Boot::runCodeIgniter(Object(CodeIgniter\CodeIgniter))
11 FCPATH\index.php(59): CodeIgniter\Boot::bootWeb(Object(Config\Paths))
12 SYSTEMPATH\rewrite.php(44): require_once('C:\\xampp\\htdocs\\codeigniter4order\\public\\index.php')
CRITICAL - 2025-08-23 13:08:02 --> ErrorException: Undefined variable $classes
[Method: GET, Route: /]
in APPPATH\Views\shop\index.php on line 9.
 1 APPPATH\Views\shop\index.php(9): CodeIgniter\Debug\Exceptions->errorHandler(2, 'Undefined variable $classes', 'C:\\xampp\\htdocs\\codeigniter4order\\app\\Views\\shop\\index.php', 9)
 2 SYSTEMPATH\View\View.php(226): include('C:\\xampp\\htdocs\\codeigniter4order\\app\\Views\\shop\\index.php')
 3 SYSTEMPATH\View\View.php(229): CodeIgniter\View\View->CodeIgniter\View\{closure}()
 4 SYSTEMPATH\Common.php(1167): CodeIgniter\View\View->render('shop/index', [], true)
 5 APPPATH\Controllers\ShopController.php(17): view('shop/index', [...])
 6 SYSTEMPATH\CodeIgniter.php(933): App\Controllers\ShopController->index()
 7 SYSTEMPATH\CodeIgniter.php(507): CodeIgniter\CodeIgniter->runController(Object(App\Controllers\ShopController))
 8 SYSTEMPATH\CodeIgniter.php(354): CodeIgniter\CodeIgniter->handleRequest(null, Object(Config\Cache), false)
 9 SYSTEMPATH\Boot.php(363): CodeIgniter\CodeIgniter->run()
10 SYSTEMPATH\Boot.php(68): CodeIgniter\Boot::runCodeIgniter(Object(CodeIgniter\CodeIgniter))
11 FCPATH\index.php(59): CodeIgniter\Boot::bootWeb(Object(Config\Paths))
12 SYSTEMPATH\rewrite.php(44): require_once('C:\\xampp\\htdocs\\codeigniter4order\\public\\index.php')
CRITICAL - 2025-08-23 13:09:55 --> ErrorException: Undefined variable $classes
[Method: GET, Route: /]
in APPPATH\Views\shop\index.php on line 9.
 1 APPPATH\Views\shop\index.php(9): CodeIgniter\Debug\Exceptions->errorHandler(2, 'Undefined variable $classes', 'C:\\xampp\\htdocs\\codeigniter4order\\app\\Views\\shop\\index.php', 9)
 2 SYSTEMPATH\View\View.php(226): include('C:\\xampp\\htdocs\\codeigniter4order\\app\\Views\\shop\\index.php')
 3 SYSTEMPATH\View\View.php(229): CodeIgniter\View\View->CodeIgniter\View\{closure}()
 4 SYSTEMPATH\Common.php(1167): CodeIgniter\View\View->render('shop/index', [], true)
 5 APPPATH\Controllers\ShopController.php(17): view('shop/index', [...])
 6 SYSTEMPATH\CodeIgniter.php(933): App\Controllers\ShopController->index()
 7 SYSTEMPATH\CodeIgniter.php(507): CodeIgniter\CodeIgniter->runController(Object(App\Controllers\ShopController))
 8 SYSTEMPATH\CodeIgniter.php(354): CodeIgniter\CodeIgniter->handleRequest(null, Object(Config\Cache), false)
 9 SYSTEMPATH\Boot.php(363): CodeIgniter\CodeIgniter->run()
10 SYSTEMPATH\Boot.php(68): CodeIgniter\Boot::runCodeIgniter(Object(CodeIgniter\CodeIgniter))
11 FCPATH\index.php(59): CodeIgniter\Boot::bootWeb(Object(Config\Paths))
12 SYSTEMPATH\rewrite.php(44): require_once('C:\\xampp\\htdocs\\codeigniter4order\\public\\index.php')
CRITICAL - 2025-08-23 13:30:20 --> ErrorException: Undefined variable $classes
[Method: GET, Route: /]
in APPPATH\Views\shop\index.php on line 9.
 1 APPPATH\Views\shop\index.php(9): CodeIgniter\Debug\Exceptions->errorHandler(2, 'Undefined variable $classes', 'C:\\xampp\\htdocs\\codeigniter4order\\app\\Views\\shop\\index.php', 9)
 2 SYSTEMPATH\View\View.php(226): include('C:\\xampp\\htdocs\\codeigniter4order\\app\\Views\\shop\\index.php')
 3 SYSTEMPATH\View\View.php(229): CodeIgniter\View\View->CodeIgniter\View\{closure}()
 4 SYSTEMPATH\Common.php(1167): CodeIgniter\View\View->render('shop/index', [], true)
 5 APPPATH\Controllers\ShopController.php(17): view('shop/index', [...])
 6 SYSTEMPATH\CodeIgniter.php(933): App\Controllers\ShopController->index()
 7 SYSTEMPATH\CodeIgniter.php(507): CodeIgniter\CodeIgniter->runController(Object(App\Controllers\ShopController))
 8 SYSTEMPATH\CodeIgniter.php(354): CodeIgniter\CodeIgniter->handleRequest(null, Object(Config\Cache), false)
 9 SYSTEMPATH\Boot.php(363): CodeIgniter\CodeIgniter->run()
10 SYSTEMPATH\Boot.php(68): CodeIgniter\Boot::runCodeIgniter(Object(CodeIgniter\CodeIgniter))
11 FCPATH\index.php(59): CodeIgniter\Boot::bootWeb(Object(Config\Paths))
12 SYSTEMPATH\rewrite.php(44): require_once('C:\\xampp\\htdocs\\codeigniter4order\\public\\index.php')
CRITICAL - 2025-08-23 13:30:22 --> ErrorException: Undefined variable $classes
[Method: GET, Route: /]
in APPPATH\Views\shop\index.php on line 9.
 1 APPPATH\Views\shop\index.php(9): CodeIgniter\Debug\Exceptions->errorHandler(2, 'Undefined variable $classes', 'C:\\xampp\\htdocs\\codeigniter4order\\app\\Views\\shop\\index.php', 9)
 2 SYSTEMPATH\View\View.php(226): include('C:\\xampp\\htdocs\\codeigniter4order\\app\\Views\\shop\\index.php')
 3 SYSTEMPATH\View\View.php(229): CodeIgniter\View\View->CodeIgniter\View\{closure}()
 4 SYSTEMPATH\Common.php(1167): CodeIgniter\View\View->render('shop/index', [], true)
 5 APPPATH\Controllers\ShopController.php(17): view('shop/index', [...])
 6 SYSTEMPATH\CodeIgniter.php(933): App\Controllers\ShopController->index()
 7 SYSTEMPATH\CodeIgniter.php(507): CodeIgniter\CodeIgniter->runController(Object(App\Controllers\ShopController))
 8 SYSTEMPATH\CodeIgniter.php(354): CodeIgniter\CodeIgniter->handleRequest(null, Object(Config\Cache), false)
 9 SYSTEMPATH\Boot.php(363): CodeIgniter\CodeIgniter->run()
10 SYSTEMPATH\Boot.php(68): CodeIgniter\Boot::runCodeIgniter(Object(CodeIgniter\CodeIgniter))
11 FCPATH\index.php(59): CodeIgniter\Boot::bootWeb(Object(Config\Paths))
12 SYSTEMPATH\rewrite.php(44): require_once('C:\\xampp\\htdocs\\codeigniter4order\\public\\index.php')
CRITICAL - 2025-08-23 13:30:23 --> ErrorException: Undefined variable $classes
[Method: GET, Route: /]
in APPPATH\Views\shop\index.php on line 9.
 1 APPPATH\Views\shop\index.php(9): CodeIgniter\Debug\Exceptions->errorHandler(2, 'Undefined variable $classes', 'C:\\xampp\\htdocs\\codeigniter4order\\app\\Views\\shop\\index.php', 9)
 2 SYSTEMPATH\View\View.php(226): include('C:\\xampp\\htdocs\\codeigniter4order\\app\\Views\\shop\\index.php')
 3 SYSTEMPATH\View\View.php(229): CodeIgniter\View\View->CodeIgniter\View\{closure}()
 4 SYSTEMPATH\Common.php(1167): CodeIgniter\View\View->render('shop/index', [], true)
 5 APPPATH\Controllers\ShopController.php(17): view('shop/index', [...])
 6 SYSTEMPATH\CodeIgniter.php(933): App\Controllers\ShopController->index()
 7 SYSTEMPATH\CodeIgniter.php(507): CodeIgniter\CodeIgniter->runController(Object(App\Controllers\ShopController))
 8 SYSTEMPATH\CodeIgniter.php(354): CodeIgniter\CodeIgniter->handleRequest(null, Object(Config\Cache), false)
 9 SYSTEMPATH\Boot.php(363): CodeIgniter\CodeIgniter->run()
10 SYSTEMPATH\Boot.php(68): CodeIgniter\Boot::runCodeIgniter(Object(CodeIgniter\CodeIgniter))
11 FCPATH\index.php(59): CodeIgniter\Boot::bootWeb(Object(Config\Paths))
12 SYSTEMPATH\rewrite.php(44): require_once('C:\\xampp\\htdocs\\codeigniter4order\\public\\index.php')
CRITICAL - 2025-08-23 13:30:23 --> ErrorException: Undefined variable $classes
[Method: GET, Route: /]
in APPPATH\Views\shop\index.php on line 9.
 1 APPPATH\Views\shop\index.php(9): CodeIgniter\Debug\Exceptions->errorHandler(2, 'Undefined variable $classes', 'C:\\xampp\\htdocs\\codeigniter4order\\app\\Views\\shop\\index.php', 9)
 2 SYSTEMPATH\View\View.php(226): include('C:\\xampp\\htdocs\\codeigniter4order\\app\\Views\\shop\\index.php')
 3 SYSTEMPATH\View\View.php(229): CodeIgniter\View\View->CodeIgniter\View\{closure}()
 4 SYSTEMPATH\Common.php(1167): CodeIgniter\View\View->render('shop/index', [], true)
 5 APPPATH\Controllers\ShopController.php(17): view('shop/index', [...])
 6 SYSTEMPATH\CodeIgniter.php(933): App\Controllers\ShopController->index()
 7 SYSTEMPATH\CodeIgniter.php(507): CodeIgniter\CodeIgniter->runController(Object(App\Controllers\ShopController))
 8 SYSTEMPATH\CodeIgniter.php(354): CodeIgniter\CodeIgniter->handleRequest(null, Object(Config\Cache), false)
 9 SYSTEMPATH\Boot.php(363): CodeIgniter\CodeIgniter->run()
10 SYSTEMPATH\Boot.php(68): CodeIgniter\Boot::runCodeIgniter(Object(CodeIgniter\CodeIgniter))
11 FCPATH\index.php(59): CodeIgniter\Boot::bootWeb(Object(Config\Paths))
12 SYSTEMPATH\rewrite.php(44): require_once('C:\\xampp\\htdocs\\codeigniter4order\\public\\index.php')
CRITICAL - 2025-08-23 13:30:23 --> ErrorException: Undefined variable $classes
[Method: GET, Route: /]
in APPPATH\Views\shop\index.php on line 9.
 1 APPPATH\Views\shop\index.php(9): CodeIgniter\Debug\Exceptions->errorHandler(2, 'Undefined variable $classes', 'C:\\xampp\\htdocs\\codeigniter4order\\app\\Views\\shop\\index.php', 9)
 2 SYSTEMPATH\View\View.php(226): include('C:\\xampp\\htdocs\\codeigniter4order\\app\\Views\\shop\\index.php')
 3 SYSTEMPATH\View\View.php(229): CodeIgniter\View\View->CodeIgniter\View\{closure}()
 4 SYSTEMPATH\Common.php(1167): CodeIgniter\View\View->render('shop/index', [], true)
 5 APPPATH\Controllers\ShopController.php(17): view('shop/index', [...])
 6 SYSTEMPATH\CodeIgniter.php(933): App\Controllers\ShopController->index()
 7 SYSTEMPATH\CodeIgniter.php(507): CodeIgniter\CodeIgniter->runController(Object(App\Controllers\ShopController))
 8 SYSTEMPATH\CodeIgniter.php(354): CodeIgniter\CodeIgniter->handleRequest(null, Object(Config\Cache), false)
 9 SYSTEMPATH\Boot.php(363): CodeIgniter\CodeIgniter->run()
10 SYSTEMPATH\Boot.php(68): CodeIgniter\Boot::runCodeIgniter(Object(CodeIgniter\CodeIgniter))
11 FCPATH\index.php(59): CodeIgniter\Boot::bootWeb(Object(Config\Paths))
12 SYSTEMPATH\rewrite.php(44): require_once('C:\\xampp\\htdocs\\codeigniter4order\\public\\index.php')
CRITICAL - 2025-08-23 13:30:24 --> ErrorException: Undefined variable $classes
[Method: GET, Route: /]
in APPPATH\Views\shop\index.php on line 9.
 1 APPPATH\Views\shop\index.php(9): CodeIgniter\Debug\Exceptions->errorHandler(2, 'Undefined variable $classes', 'C:\\xampp\\htdocs\\codeigniter4order\\app\\Views\\shop\\index.php', 9)
 2 SYSTEMPATH\View\View.php(226): include('C:\\xampp\\htdocs\\codeigniter4order\\app\\Views\\shop\\index.php')
 3 SYSTEMPATH\View\View.php(229): CodeIgniter\View\View->CodeIgniter\View\{closure}()
 4 SYSTEMPATH\Common.php(1167): CodeIgniter\View\View->render('shop/index', [], true)
 5 APPPATH\Controllers\ShopController.php(17): view('shop/index', [...])
 6 SYSTEMPATH\CodeIgniter.php(933): App\Controllers\ShopController->index()
 7 SYSTEMPATH\CodeIgniter.php(507): CodeIgniter\CodeIgniter->runController(Object(App\Controllers\ShopController))
 8 SYSTEMPATH\CodeIgniter.php(354): CodeIgniter\CodeIgniter->handleRequest(null, Object(Config\Cache), false)
 9 SYSTEMPATH\Boot.php(363): CodeIgniter\CodeIgniter->run()
10 SYSTEMPATH\Boot.php(68): CodeIgniter\Boot::runCodeIgniter(Object(CodeIgniter\CodeIgniter))
11 FCPATH\index.php(59): CodeIgniter\Boot::bootWeb(Object(Config\Paths))
12 SYSTEMPATH\rewrite.php(44): require_once('C:\\xampp\\htdocs\\codeigniter4order\\public\\index.php')
CRITICAL - 2025-08-23 13:30:25 --> ErrorException: Undefined variable $classes
[Method: GET, Route: /]
in APPPATH\Views\shop\index.php on line 9.
 1 APPPATH\Views\shop\index.php(9): CodeIgniter\Debug\Exceptions->errorHandler(2, 'Undefined variable $classes', 'C:\\xampp\\htdocs\\codeigniter4order\\app\\Views\\shop\\index.php', 9)
 2 SYSTEMPATH\View\View.php(226): include('C:\\xampp\\htdocs\\codeigniter4order\\app\\Views\\shop\\index.php')
 3 SYSTEMPATH\View\View.php(229): CodeIgniter\View\View->CodeIgniter\View\{closure}()
 4 SYSTEMPATH\Common.php(1167): CodeIgniter\View\View->render('shop/index', [], true)
 5 APPPATH\Controllers\ShopController.php(17): view('shop/index', [...])
 6 SYSTEMPATH\CodeIgniter.php(933): App\Controllers\ShopController->index()
 7 SYSTEMPATH\CodeIgniter.php(507): CodeIgniter\CodeIgniter->runController(Object(App\Controllers\ShopController))
 8 SYSTEMPATH\CodeIgniter.php(354): CodeIgniter\CodeIgniter->handleRequest(null, Object(Config\Cache), false)
 9 SYSTEMPATH\Boot.php(363): CodeIgniter\CodeIgniter->run()
10 SYSTEMPATH\Boot.php(68): CodeIgniter\Boot::runCodeIgniter(Object(CodeIgniter\CodeIgniter))
11 FCPATH\index.php(59): CodeIgniter\Boot::bootWeb(Object(Config\Paths))
12 SYSTEMPATH\rewrite.php(44): require_once('C:\\xampp\\htdocs\\codeigniter4order\\public\\index.php')
CRITICAL - 2025-08-23 13:30:25 --> ErrorException: Undefined variable $classes
[Method: GET, Route: /]
in APPPATH\Views\shop\index.php on line 9.
 1 APPPATH\Views\shop\index.php(9): CodeIgniter\Debug\Exceptions->errorHandler(2, 'Undefined variable $classes', 'C:\\xampp\\htdocs\\codeigniter4order\\app\\Views\\shop\\index.php', 9)
 2 SYSTEMPATH\View\View.php(226): include('C:\\xampp\\htdocs\\codeigniter4order\\app\\Views\\shop\\index.php')
 3 SYSTEMPATH\View\View.php(229): CodeIgniter\View\View->CodeIgniter\View\{closure}()
 4 SYSTEMPATH\Common.php(1167): CodeIgniter\View\View->render('shop/index', [], true)
 5 APPPATH\Controllers\ShopController.php(17): view('shop/index', [...])
 6 SYSTEMPATH\CodeIgniter.php(933): App\Controllers\ShopController->index()
 7 SYSTEMPATH\CodeIgniter.php(507): CodeIgniter\CodeIgniter->runController(Object(App\Controllers\ShopController))
 8 SYSTEMPATH\CodeIgniter.php(354): CodeIgniter\CodeIgniter->handleRequest(null, Object(Config\Cache), false)
 9 SYSTEMPATH\Boot.php(363): CodeIgniter\CodeIgniter->run()
10 SYSTEMPATH\Boot.php(68): CodeIgniter\Boot::runCodeIgniter(Object(CodeIgniter\CodeIgniter))
11 FCPATH\index.php(59): CodeIgniter\Boot::bootWeb(Object(Config\Paths))
12 SYSTEMPATH\rewrite.php(44): require_once('C:\\xampp\\htdocs\\codeigniter4order\\public\\index.php')
